###############################################################################
#                                                                             #
# IAR C/C++ Compiler V8.30.1.41636 for 8051             27/Jun/2014  01:38:07 #
# Copyright 2004-2013 IAR Systems AB.                                         #
#                                                                             #
#    Core               =  plain                                              #
#    Code model         =  banked                                             #
#    Data model         =  large                                              #
#    Calling convention =  xdata reentrant                                    #
#    Constant location  =  data_rom                                           #
#    Dptr setup         =  1,16                                               #
#                                                                             #
#    Source file        =  C:\Texas Instruments\ZStack-CC2530-2.5.1a\Componen #
#                          ts\mt\MT_TASK.c                                    #
#    Command line       =  -f "C:\Texas Instruments\ZStack-CC2530-2.5.1a\Proj #
#                          ects\zstack\Samples\ParkWay\CC2530DB\..\..\..\Tool #
#                          s\CC2530DB\f8wEndev.cfg" (-DCPU32MHZ               #
#                          -DROOT=__near_func -DMAC_CFG_TX_DATA_MAX=3         #
#                          -DMAC_CFG_TX_MAX=6 -DMAC_CFG_RX_MAX=3) -f          #
#                          "C:\Texas Instruments\ZStack-CC2530-2.5.1a\Project #
#                          s\zstack\Samples\ParkWay\CC2530DB\..\..\..\Tools\C #
#                          C2530DB\f8wConfig.cfg" (-DZIGBEEPRO -DSECURE=0     #
#                          -DZG_SECURE_DYNAMIC=0 -DREFLECTOR                  #
#                          -DDEFAULT_CHANLIST=0x00000800                      #
#                          -DZDAPP_CONFIG_PAN_ID=0xFFFF                       #
#                          -DNWK_START_DELAY=100 -DEXTENDED_JOINING_RANDOM_MA #
#                          SK=0x007F -DBEACON_REQUEST_DELAY=100               #
#                          -DBEACON_REQ_DELAY_MASK=0x00FF                     #
#                          -DLINK_STATUS_JITTER_MASK=0x007F                   #
#                          -DROUTE_EXPIRY_TIME=30 -DAPSC_ACK_WAIT_DURATION_PO #
#                          LLED=3000 -DNWK_INDIRECT_MSG_TIMEOUT=7             #
#                          -DMAX_RREQ_ENTRIES=8 -DAPSC_MAX_FRAME_RETRIES=3    #
#                          -DNWK_MAX_DATA_RETRIES=2                           #
#                          -DMAX_POLL_FAILURE_RETRIES=2 -DMAX_BCAST=9         #
#                          -DAPS_MAX_GROUPS=16 -DMAX_RTG_ENTRIES=40           #
#                          -DNWK_MAX_BINDING_ENTRIES=4                        #
#                          -DMAX_BINDING_CLUSTER_IDS=4 "-DDEFAULT_KEY={0x01,  #
#                          0x03, 0x05, 0x07, 0x09, 0x0B, 0x0D, 0x0F, 0x00,    #
#                          0x02, 0x04, 0x06, 0x08, 0x0A, 0x0C, 0x0D}"         #
#                          -DMAC_MAX_FRAME_SIZE=116                           #
#                          -DZDNWKMGR_MIN_TRANSMISSIONS=20 "-DCONST=const     #
#                          __code" -DGENERIC=__generic                        #
#                          -DRFD_RCVC_ALWAYS_ON=FALSE -DPOLL_RATE=1000        #
#                          -DQUEUED_POLL_RATE=100 -DRESPONSE_POLL_RATE=100)   #
#                          -DREJOIN_POLL_RATE=440 "C:\Texas                   #
#                          Instruments\ZStack-CC2530-2.5.1a\Components\mt\MT_ #
#                          TASK.c" -D NWK_AUTO_POLL -D ZTOOL_P1 -D MT_TASK    #
#                          -D MT_SYS_FUNC -D MT_ZDO_FUNC -D                   #
#                          LCD_SUPPORTED=DEBUG -D POWER_SAVING -lC "C:\Texas  #
#                          Instruments\ZStack-CC2530-2.5.1a\Projects\zstack\S #
#                          amples\ParkWay\CC2530DB\EndDeviceEB\List\" -lA     #
#                          "C:\Texas Instruments\ZStack-CC2530-2.5.1a\Project #
#                          s\zstack\Samples\ParkWay\CC2530DB\EndDeviceEB\List #
#                          \" --diag_suppress Pe001,Pa010 -o "C:\Texas        #
#                          Instruments\ZStack-CC2530-2.5.1a\Projects\zstack\S #
#                          amples\ParkWay\CC2530DB\EndDeviceEB\Obj\" -e       #
#                          --no_code_motion --debug --core=plain --dptr=16,1  #
#                          --data_model=large --code_model=banked             #
#                          --calling_convention=xdata_reentrant               #
#                          --place_constants=data_rom --nr_virtual_regs 8 -I  #
#                          "C:\Texas Instruments\ZStack-CC2530-2.5.1a\Project #
#                          s\zstack\Samples\ParkWay\CC2530DB\" -I "C:\Texas   #
#                          Instruments\ZStack-CC2530-2.5.1a\Projects\zstack\S #
#                          amples\ParkWay\CC2530DB\..\Source\" -I "C:\Texas   #
#                          Instruments\ZStack-CC2530-2.5.1a\Projects\zstack\S #
#                          amples\ParkWay\CC2530DB\..\..\..\ZMain\TI2530DB\"  #
#                          -I "C:\Texas Instruments\ZStack-CC2530-2.5.1a\Proj #
#                          ects\zstack\Samples\ParkWay\CC2530DB\..\..\..\..\. #
#                          .\Components\hal\include\" -I "C:\Texas            #
#                          Instruments\ZStack-CC2530-2.5.1a\Projects\zstack\S #
#                          amples\ParkWay\CC2530DB\..\..\..\..\..\Components\ #
#                          hal\target\CC2530EB\" -I "C:\Texas                 #
#                          Instruments\ZStack-CC2530-2.5.1a\Projects\zstack\S #
#                          amples\ParkWay\CC2530DB\..\..\..\..\..\Components\ #
#                          mac\include\" -I "C:\Texas                         #
#                          Instruments\ZStack-CC2530-2.5.1a\Projects\zstack\S #
#                          amples\ParkWay\CC2530DB\..\..\..\..\..\Components\ #
#                          mac\high_level\" -I "C:\Texas                      #
#                          Instruments\ZStack-CC2530-2.5.1a\Projects\zstack\S #
#                          amples\ParkWay\CC2530DB\..\..\..\..\..\Components\ #
#                          mac\low_level\srf04\" -I "C:\Texas                 #
#                          Instruments\ZStack-CC2530-2.5.1a\Projects\zstack\S #
#                          amples\ParkWay\CC2530DB\..\..\..\..\..\Components\ #
#                          mac\low_level\srf04\single_chip\" -I "C:\Texas     #
#                          Instruments\ZStack-CC2530-2.5.1a\Projects\zstack\S #
#                          amples\ParkWay\CC2530DB\..\..\..\..\..\Components\ #
#                          mt\" -I "C:\Texas Instruments\ZStack-CC2530-2.5.1a #
#                          \Projects\zstack\Samples\ParkWay\CC2530DB\..\..\.. #
#                          \..\..\Components\osal\include\" -I "C:\Texas      #
#                          Instruments\ZStack-CC2530-2.5.1a\Projects\zstack\S #
#                          amples\ParkWay\CC2530DB\..\..\..\..\..\Components\ #
#                          services\saddr\" -I "C:\Texas                      #
#                          Instruments\ZStack-CC2530-2.5.1a\Projects\zstack\S #
#                          amples\ParkWay\CC2530DB\..\..\..\..\..\Components\ #
#                          services\sdata\" -I "C:\Texas                      #
#                          Instruments\ZStack-CC2530-2.5.1a\Projects\zstack\S #
#                          amples\ParkWay\CC2530DB\..\..\..\..\..\Components\ #
#                          stack\af\" -I "C:\Texas Instruments\ZStack-CC2530- #
#                          2.5.1a\Projects\zstack\Samples\ParkWay\CC2530DB\.. #
#                          \..\..\..\..\Components\stack\nwk\" -I "C:\Texas   #
#                          Instruments\ZStack-CC2530-2.5.1a\Projects\zstack\S #
#                          amples\ParkWay\CC2530DB\..\..\..\..\..\Components\ #
#                          stack\sapi\" -I "C:\Texas                          #
#                          Instruments\ZStack-CC2530-2.5.1a\Projects\zstack\S #
#                          amples\ParkWay\CC2530DB\..\..\..\..\..\Components\ #
#                          stack\sec\" -I "C:\Texas                           #
#                          Instruments\ZStack-CC2530-2.5.1a\Projects\zstack\S #
#                          amples\ParkWay\CC2530DB\..\..\..\..\..\Components\ #
#                          stack\sys\" -I "C:\Texas                           #
#                          Instruments\ZStack-CC2530-2.5.1a\Projects\zstack\S #
#                          amples\ParkWay\CC2530DB\..\..\..\..\..\Components\ #
#                          stack\zdo\" -I "C:\Texas                           #
#                          Instruments\ZStack-CC2530-2.5.1a\Projects\zstack\S #
#                          amples\ParkWay\CC2530DB\..\..\..\..\..\Components\ #
#                          zmac\" -I "C:\Texas Instruments\ZStack-CC2530-2.5. #
#                          1a\Projects\zstack\Samples\ParkWay\CC2530DB\..\..\ #
#                          ..\..\..\Components\zmac\f8w\" -Ohz                #
#                          --require_prototypes                               #
#    List file          =  C:\Texas Instruments\ZStack-CC2530-2.5.1a\Projects #
#                          \zstack\Samples\ParkWay\CC2530DB\EndDeviceEB\List\ #
#                          MT_TASK.lst                                        #
#    Object file        =  C:\Texas Instruments\ZStack-CC2530-2.5.1a\Projects #
#                          \zstack\Samples\ParkWay\CC2530DB\EndDeviceEB\Obj\M #
#                          T_TASK.r51                                         #
#                                                                             #
#                                                                             #
###############################################################################

C:\Texas Instruments\ZStack-CC2530-2.5.1a\Components\mt\MT_TASK.c
      1          /***************************************************************************************************
      2            Filename:       MT_TASK.c
      3            Revised:        $Date: 2011-06-07 15:36:01 -0700 (Tue, 07 Jun 2011) $
      4            Revision:       $Revision: 26245 $
      5          
      6            Description:    MonitorTest Task handling routines
      7          
      8            Copyright 2007-2011 Texas Instruments Incorporated. All rights reserved.
      9          
     10            IMPORTANT: Your use of this Software is limited to those specific rights
     11            granted under the terms of a software license agreement between the user
     12            who downloaded the software, his/her employer (which must be your employer)
     13            and Texas Instruments Incorporated (the "License").  You may not use this
     14            Software unless you agree to abide by the terms of the License. The License
     15            limits your use, and you acknowledge, that the Software may not be modified,
     16            copied or distributed unless embedded on a Texas Instruments microcontroller
     17            or used solely and exclusively in conjunction with a Texas Instruments radio
     18            frequency transceiver, which is integrated into your product.  Other than for
     19            the foregoing purpose, you may not use, reproduce, copy, prepare derivative
     20            works of, modify, distribute, perform, display or sell this Software and/or
     21            its documentation for any purpose.
     22          
     23            YOU FURTHER ACKNOWLEDGE AND AGREE THAT THE SOFTWARE AND DOCUMENTATION ARE
     24            PROVIDED “AS IS” WITHOUT WARRANTY OF ANY KIND, EITHER EXPRESS OR IMPLIED,
     25            INCLUDING WITHOUT LIMITATION, ANY WARRANTY OF MERCHANTABILITY, TITLE,
     26            NON-INFRINGEMENT AND FITNESS FOR A PARTICULAR PURPOSE. IN NO EVENT SHALL
     27            TEXAS INSTRUMENTS OR ITS LICENSORS BE LIABLE OR OBLIGATED UNDER CONTRACT,
     28            NEGLIGENCE, STRICT LIABILITY, CONTRIBUTION, BREACH OF WARRANTY, OR OTHER
     29            LEGAL EQUITABLE THEORY ANY DIRECT OR INDIRECT DAMAGES OR EXPENSES
     30            INCLUDING BUT NOT LIMITED TO ANY INCIDENTAL, SPECIAL, INDIRECT, PUNITIVE
     31            OR CONSEQUENTIAL DAMAGES, LOST PROFITS OR LOST DATA, COST OF PROCUREMENT
     32            OF SUBSTITUTE GOODS, TECHNOLOGY, SERVICES, OR ANY CLAIMS BY THIRD PARTIES
     33            (INCLUDING BUT NOT LIMITED TO ANY DEFENSE THEREOF), OR OTHER SIMILAR COSTS.
     34          
     35            Should you have any questions regarding your right to use this Software,
     36            contact Texas Instruments Incorporated at www.TI.com.
     37          
     38           ***************************************************************************************************/
     39          
     40          /***************************************************************************************************
     41           * INCLUDES
     42           ***************************************************************************************************/
     43          #include "ZComDef.h"
     44          #include "MT_TASK.h"
     45          #include "MT.h"
     46          #include "MT_DEBUG.h"
     47          #include "MT_UART.h"
     48          #include "MT_UTIL.h"
     49          #include "MT_SYS.h"
     50          
     51          #if !defined( NONWK )
     52          #include "MT_ZDO.h"
     53          #include "MT_AF.h"
     54          #endif  /* NONWK */
     55          
     56          #include "hal_uart.h"
     57          #include "OSAL_Memory.h"
     58          
     59          /***************************************************************************************************
     60           * LOCAL FUNCTIONS
     61           ***************************************************************************************************/
     62          
     63          static void MT_ProcessIncomingCommand( mtOSALSerialData_t *msg );
     64          
     65          /***************************************************************************************************
     66           * GLOBALS
     67           ***************************************************************************************************/
     68          

   \                                 In  segment XDATA_Z, align 1, keep-with-next
     69          uint8 MT_TaskID;
   \                     MT_TaskID:
   \   000000                DS 1
   \   000001                REQUIRE __INIT_XDATA_Z
     70          
     71          /***************************************************************************************************
     72           * @fn      MT_TaskInit
     73           *
     74           * @brief  MonitorTest Task Initialization.  This function is put into the
     75           *         task table.
     76           *
     77           * @param   task_id - task ID of the MT Task
     78           *
     79           * @return  void
     80           ***************************************************************************************************/

   \                                 In  segment BANKED_CODE, align 1, keep-with-next
     81          void MT_TaskInit(uint8 task_id)
   \                     MT_TaskInit:
     82          {
   \   000000   74F7         MOV     A,#-0x9
   \   000002   12....       LCALL   ?BANKED_ENTER_XDATA
   \   000005                ; Saved register size: 9
   \   000005                ; Auto size: 0
   \   000005   E9           MOV     A,R1
   \   000006   FE           MOV     R6,A
     83            MT_TaskID = task_id;
   \   000007   90....       MOV     DPTR,#MT_TaskID
   \   00000A   F0           MOVX    @DPTR,A
     84          
     85            /* Initialize the Serial port */
     86            MT_UartInit();
   \   00000B                ; Setup parameters for call to function MT_UartInit
   \   00000B   12....       LCALL   ??MT_UartInit?relay  ; Banked call to: MT_UartInit
     87          
     88            /* Register taskID - Do this after UartInit() because it will reset the taskID */
     89            MT_UartRegisterTaskID(task_id);
   \   00000E                ; Setup parameters for call to function MT_UartRegisterTaskID
   \   00000E   EE           MOV     A,R6
   \   00000F   F9           MOV     R1,A
   \   000010   12....       LCALL   ??MT_UartRegisterTaskID?relay; Banked call to: MT_UartRegisterTaskID
     90          
     91            osal_set_event(task_id, MT_SECONDARY_INIT_EVENT);
   \   000013                ; Setup parameters for call to function osal_set_event
   \   000013   7A10         MOV     R2,#0x10
   \   000015   7B00         MOV     R3,#0x0
   \   000017   EE           MOV     A,R6
   \   000018   F9           MOV     R1,A
   \   000019   12....       LCALL   ??osal_set_event?relay; Banked call to: osal_set_event
     92          }
   \   00001C   7F01         MOV     R7,#0x1
   \   00001E   02....       LJMP    ?BANKED_LEAVE_XDATA
     93          
     94          /**************************************************************************************************
     95           * @fn      MT_ProcessEvent
     96           *
     97           * @brief   MonitorTest Task Event Processor.  This task is put into the task table.
     98           *
     99           * @param   task_id - task ID of the MT Task
    100           * @param   events - event(s) for the MT Task
    101           *
    102           * @return  Bit mask of the unprocessed MT Task events.
    103           **************************************************************************************************/

   \                                 In  segment BANKED_CODE, align 1, keep-with-next
    104          UINT16 MT_ProcessEvent(uint8 task_id, uint16 events)
   \                     MT_ProcessEvent:
    105          {
   \   000000                REQUIRE ?V0
   \   000000                REQUIRE ?V1
   \   000000                REQUIRE ?V2
   \   000000                REQUIRE ?V3
   \   000000                REQUIRE ?V4
   \   000000                REQUIRE ?V5
   \   000000                REQUIRE ?V6
   \   000000                REQUIRE ?V7
   \   000000   74F0         MOV     A,#-0x10
   \   000002   12....       LCALL   ?BANKED_ENTER_XDATA
   \   000005                ; Saved register size: 16
   \   000005                ; Auto size: 1
   \   000005   74FF         MOV     A,#-0x1
   \   000007   12....       LCALL   ?ALLOC_XSTACK8
   \   00000A   E9           MOV     A,R1
   \   00000B   85..82       MOV     DPL,?XSP + 0
   \   00000E   85..83       MOV     DPH,?XSP + 1
   \   000011   F0           MOVX    @DPTR,A
   \   000012   EA           MOV     A,R2
   \   000013   FE           MOV     R6,A
   \   000014   EB           MOV     A,R3
   \   000015   FF           MOV     R7,A
    106            /* Could be multiple events, so switch won't work */
    107            if ( events & SYS_EVENT_MSG )
   \   000016   5480         ANL     A,#0x80
   \   000018   7003         JNZ     $+5
   \   00001A   02....       LJMP    ??MT_ProcessEvent_0 & 0xFFFF
    108            {
    109              uint8 *msg_ptr = osal_msg_receive(task_id);
   \   00001D                ; Setup parameters for call to function osal_msg_receive
   \   00001D   12....       LCALL   ??osal_msg_receive?relay; Banked call to: osal_msg_receive
   \   000020   8A..         MOV     ?V6,R2
   \   000022   8B..         MOV     ?V7,R3
    110          
    111              if (msg_ptr != NULL)
   \   000024   EA           MOV     A,R2
   \   000025   45..         ORL     A,?V7
   \   000027   7003         JNZ     $+5
   \   000029   02....       LJMP    ??MT_ProcessEvent_1 & 0xFFFF
    112              {
    113                MT_ProcessIncomingCommand((mtOSALSerialData_t *)msg_ptr);
   \   00002C   8A82         MOV     DPL,R2
   \   00002E   8B83         MOV     DPH,R3
   \   000030   A3           INC     DPTR
   \   000031   A3           INC     DPTR
   \   000032   E0           MOVX    A,@DPTR
   \   000033   F5..         MOV     ?V0,A
   \   000035   A3           INC     DPTR
   \   000036   E0           MOVX    A,@DPTR
   \   000037   F5..         MOV     ?V1,A
   \   000039   8A82         MOV     DPL,R2
   \   00003B   8B83         MOV     DPH,R3
   \   00003D   E0           MOVX    A,@DPTR
   \   00003E   14           DEC     A
   \   00003F   607B         JZ      ??MT_ProcessEvent_2
   \   000041   14           DEC     A
   \   000042   6073         JZ      ??MT_ProcessEvent_3
   \   000044   24FE         ADD     A,#-0x2
   \   000046   6023         JZ      ??MT_ProcessEvent_4
   \   000048   24FE         ADD     A,#-0x2
   \   00004A   601A         JZ      ??MT_ProcessEvent_5
   \   00004C   24E2         ADD     A,#-0x1e
   \   00004E   7073         JNZ     ??MT_ProcessEvent_6
   \   000050                ; Setup parameters for call to function MTProcessAppRspMsg
   \   000050   85..82       MOV     DPL,?V0
   \   000053   85..83       MOV     DPH,?V1
   \   000056   A3           INC     DPTR
   \   000057   A3           INC     DPTR
   \   000058   A3           INC     DPTR
   \   000059   E0           MOVX    A,@DPTR
   \   00005A   2405         ADD     A,#0x5
   \   00005C   F9           MOV     R1,A
   \   00005D   AA..         MOV     R2,?V0
   \   00005F   AB..         MOV     R3,?V1
   \   000061   12....       LCALL   ??MTProcessAppRspMsg?relay; Banked call to: MTProcessAppRspMsg
   \   000064   805D         SJMP    ??MT_ProcessEvent_6
   \                     ??MT_ProcessEvent_5:
   \   000066                ; Setup parameters for call to function MT_ProcessDebugStr
   \   000066   12....       LCALL   ??MT_ProcessDebugStr?relay; Banked call to: MT_ProcessDebugStr
   \   000069   8058         SJMP    ??MT_ProcessEvent_6
   \                     ??MT_ProcessEvent_4:
   \   00006B   85..82       MOV     DPL,?V0
   \   00006E   85..83       MOV     DPH,?V1
   \   000071   A3           INC     DPTR
   \   000072   A3           INC     DPTR
   \   000073   A3           INC     DPTR
   \   000074   E0           MOVX    A,@DPTR
   \   000075   2405         ADD     A,#0x5
   \   000077   F5..         MOV     ?V2,A
   \   000079                ; Setup parameters for call to function MT_UartCalcFCS
   \   000079   74FE         MOV     A,#-0x2
   \   00007B   25..         ADD     A,?V2
   \   00007D   F9           MOV     R1,A
   \   00007E   85..82       MOV     DPL,?V0
   \   000081   85..83       MOV     DPH,?V1
   \   000084   A3           INC     DPTR
   \   000085   AA82         MOV     R2,DPL
   \   000087   AB83         MOV     R3,DPH
   \   000089   12....       LCALL   ??MT_UartCalcFCS?relay; Banked call to: MT_UartCalcFCS
   \   00008C   E9           MOV     A,R1
   \   00008D   C0E0         PUSH    A
   \   00008F   85....       MOV     ?V4,?V2
   \   000092   E5..         MOV     A,?V0
   \   000094   25..         ADD     A,?V4
   \   000096   F8           MOV     R0,A
   \   000097   E4           CLR     A
   \   000098   35..         ADDC    A,?V1
   \   00009A   F9           MOV     R1,A
   \   00009B   E8           MOV     A,R0
   \   00009C   24FF         ADD     A,#-0x1
   \   00009E   F582         MOV     DPL,A
   \   0000A0   E9           MOV     A,R1
   \   0000A1   34FF         ADDC    A,#-0x1
   \   0000A3   F583         MOV     DPH,A
   \   0000A5   D0E0         POP     A
   \   0000A7   F0           MOVX    @DPTR,A
   \   0000A8                ; Setup parameters for call to function HalUARTWrite
   \   0000A8   AC..         MOV     R4,?V2
   \   0000AA   7D00         MOV     R5,#0x0
   \   0000AC   AA..         MOV     R2,?V0
   \   0000AE   AB..         MOV     R3,?V1
   \   0000B0   7900         MOV     R1,#0x0
   \   0000B2   12....       LCALL   ??HalUARTWrite?relay ; Banked call to: HalUARTWrite
   \   0000B5   800C         SJMP    ??MT_ProcessEvent_6
   \                     ??MT_ProcessEvent_3:
   \   0000B7                ; Setup parameters for call to function MT_ProcessDebugMsg
   \   0000B7   12....       LCALL   ??MT_ProcessDebugMsg?relay; Banked call to: MT_ProcessDebugMsg
   \   0000BA   8007         SJMP    ??MT_ProcessEvent_6
   \                     ??MT_ProcessEvent_2:
   \   0000BC                ; Setup parameters for call to function MT_ProcessIncoming
   \   0000BC   AA..         MOV     R2,?V0
   \   0000BE   AB..         MOV     R3,?V1
   \   0000C0   12....       LCALL   ??MT_ProcessIncoming?relay; Banked call to: MT_ProcessIncoming
    114          
    115                osal_msg_deallocate(msg_ptr);
   \                     ??MT_ProcessEvent_6:
   \   0000C3                ; Setup parameters for call to function osal_msg_deallocate
   \   0000C3   AA..         MOV     R2,?V6
   \   0000C5   AB..         MOV     R3,?V7
   \   0000C7   12....       LCALL   ??osal_msg_deallocate?relay; Banked call to: osal_msg_deallocate
    116              }
    117          
    118              /* Return unproccessed events */
    119              return (events ^ SYS_EVENT_MSG);
   \                     ??MT_ProcessEvent_1:
   \   0000CA   EE           MOV     A,R6
   \   0000CB   FA           MOV     R2,A
   \   0000CC   EF           MOV     A,R7
   \   0000CD   6480         XRL     A,#0x80
   \   0000CF   8065         SJMP    ??MT_ProcessEvent_7
    120            }
    121          
    122            if ( events & MT_SECONDARY_INIT_EVENT )
   \                     ??MT_ProcessEvent_0:
   \   0000D1   EE           MOV     A,R6
   \   0000D2   5410         ANL     A,#0x10
   \   0000D4   6008         JZ      ??MT_ProcessEvent_8
    123            {
    124              MT_Init();
   \   0000D6                ; Setup parameters for call to function MT_Init
   \   0000D6   12....       LCALL   ??MT_Init?relay      ; Banked call to: MT_Init
    125              /* Return unproccessed events */
    126              return (events ^ MT_SECONDARY_INIT_EVENT);
   \   0000D9   EE           MOV     A,R6
   \   0000DA   6410         XRL     A,#0x10
   \   0000DC   8056         SJMP    ??MT_ProcessEvent_9
    127            }
    128          
    129            if ( events & MT_ZTOOL_SERIAL_RCV_BUFFER_FULL )
   \                     ??MT_ProcessEvent_8:
   \   0000DE   EE           MOV     A,R6
   \   0000DF   5402         ANL     A,#0x2
   \   0000E1   6006         JZ      ??MT_ProcessEvent_10
    130            {
    131              /* Return unproccessed events */
    132              return (events ^ MT_ZTOOL_SERIAL_RCV_BUFFER_FULL);
   \   0000E3   EE           MOV     A,R6
   \   0000E4   6402         XRL     A,#0x2
   \   0000E6   FA           MOV     R2,A
   \   0000E7   8054         SJMP    ??MT_ProcessEvent_11
    133            }
    134          
    135          #if !defined( NONWK )
    136            if ( events & MT_AF_EXEC_EVT )
   \                     ??MT_ProcessEvent_10:
   \   0000E9   EE           MOV     A,R6
   \   0000EA   5408         ANL     A,#0x8
   \   0000EC   6008         JZ      ??MT_ProcessEvent_12
    137            {
    138              MT_AfExec();
   \   0000EE                ; Setup parameters for call to function MT_AfExec
   \   0000EE   12....       LCALL   ??MT_AfExec?relay    ; Banked call to: MT_AfExec
    139              return (events ^ MT_AF_EXEC_EVT);
   \   0000F1   EE           MOV     A,R6
   \   0000F2   6408         XRL     A,#0x8
   \   0000F4   803E         SJMP    ??MT_ProcessEvent_9
    140            }
    141          #endif  /* NONWK */
    142          
    143            /* Handle MT_SYS_OSAL_START_TIMER callbacks */
    144          #if defined MT_SYS_FUNC
    145            if ( events & (MT_SYS_OSAL_EVENT_MASK))
   \                     ??MT_ProcessEvent_12:
   \   0000F6   EF           MOV     A,R7
   \   0000F7   540F         ANL     A,#0xf
   \   0000F9   603E         JZ      ??MT_ProcessEvent_13
    146            {
    147              if (events & MT_SYS_OSAL_EVENT_0)
   \   0000FB   EF           MOV     A,R7
   \   0000FC   5408         ANL     A,#0x8
   \   0000FE   6009         JZ      ??MT_ProcessEvent_14
    148              {
    149                MT_SysOsalTimerExpired(0x00);
   \   000100                ; Setup parameters for call to function MT_SysOsalTimerExpired
   \   000100   7900         MOV     R1,#0x0
   \   000102   12....       LCALL   ??MT_SysOsalTimerExpired?relay; Banked call to: MT_SysOsalTimerExpired
    150                events ^= MT_SYS_OSAL_EVENT_0;
   \   000105   7408         MOV     A,#0x8
   \   000107   6F           XRL     A,R7
   \   000108   FF           MOV     R7,A
    151              }
    152          
    153              if (events & MT_SYS_OSAL_EVENT_1)
   \                     ??MT_ProcessEvent_14:
   \   000109   EF           MOV     A,R7
   \   00010A   5404         ANL     A,#0x4
   \   00010C   6009         JZ      ??MT_ProcessEvent_15
    154              {
    155                MT_SysOsalTimerExpired(0x01);
   \   00010E                ; Setup parameters for call to function MT_SysOsalTimerExpired
   \   00010E   7901         MOV     R1,#0x1
   \   000110   12....       LCALL   ??MT_SysOsalTimerExpired?relay; Banked call to: MT_SysOsalTimerExpired
    156                events ^= MT_SYS_OSAL_EVENT_1;
   \   000113   7404         MOV     A,#0x4
   \   000115   6F           XRL     A,R7
   \   000116   FF           MOV     R7,A
    157              }
    158          
    159              if (events & MT_SYS_OSAL_EVENT_2)
   \                     ??MT_ProcessEvent_15:
   \   000117   EF           MOV     A,R7
   \   000118   5402         ANL     A,#0x2
   \   00011A   6009         JZ      ??MT_ProcessEvent_16
    160              {
    161                MT_SysOsalTimerExpired(0x02);
   \   00011C                ; Setup parameters for call to function MT_SysOsalTimerExpired
   \   00011C   7902         MOV     R1,#0x2
   \   00011E   12....       LCALL   ??MT_SysOsalTimerExpired?relay; Banked call to: MT_SysOsalTimerExpired
    162                events ^= MT_SYS_OSAL_EVENT_2;
   \   000121   7402         MOV     A,#0x2
   \   000123   6F           XRL     A,R7
   \   000124   FF           MOV     R7,A
    163              }
    164          
    165              if (events & MT_SYS_OSAL_EVENT_3)
   \                     ??MT_ProcessEvent_16:
   \   000125   EF           MOV     A,R7
   \   000126   5401         ANL     A,#0x1
   \   000128   6009         JZ      ??MT_ProcessEvent_17
    166              {
    167                MT_SysOsalTimerExpired(0x03);
   \   00012A                ; Setup parameters for call to function MT_SysOsalTimerExpired
   \   00012A   7903         MOV     R1,#0x3
   \   00012C   12....       LCALL   ??MT_SysOsalTimerExpired?relay; Banked call to: MT_SysOsalTimerExpired
    168                events ^= MT_SYS_OSAL_EVENT_3;
   \   00012F   7401         MOV     A,#0x1
   \   000131   6F           XRL     A,R7
   \   000132   FF           MOV     R7,A
    169              }
    170          
    171              return events;
   \                     ??MT_ProcessEvent_17:
   \   000133   EE           MOV     A,R6
   \                     ??MT_ProcessEvent_9:
   \   000134   FA           MOV     R2,A
   \   000135   EF           MOV     A,R7
   \                     ??MT_ProcessEvent_7:
   \   000136   FB           MOV     R3,A
   \   000137   8004         SJMP    ??MT_ProcessEvent_11
    172            }
    173          #endif
    174          
    175            /* Discard or make more handlers */
    176            return 0;
   \                     ??MT_ProcessEvent_13:
   \   000139   7A00         MOV     R2,#0x0
   \   00013B   7B00         MOV     R3,#0x0
   \                     ??MT_ProcessEvent_11:
   \   00013D   7401         MOV     A,#0x1
   \   00013F   12....       LCALL   ?DEALLOC_XSTACK8
   \   000142   7F08         MOV     R7,#0x8
   \   000144   02....       LJMP    ?BANKED_LEAVE_XDATA
    177          
    178          } /* MT_ProcessEvent() */
    179          
    180          /***************************************************************************************************
    181           * @fn      MT_ProcessIncomingCommand
    182           *
    183           * @brief
    184           *
    185           *   Process Event Messages.
    186           *
    187           * @param   *msg - pointer to event message
    188           *
    189           * @return
    190           ***************************************************************************************************/
    191          static void MT_ProcessIncomingCommand( mtOSALSerialData_t *msg )
    192          {
    193            uint8 len, *msg_ptr = msg->msg;
    194          
    195            /* Use the first byte of the message as the command ID */
    196            switch ( msg->hdr.event )
    197            {
    198              case CMD_SERIAL_MSG:
    199                MT_ProcessIncoming(msg_ptr);
    200                break;
    201          
    202              case CMD_DEBUG_MSG:
    203                MT_ProcessDebugMsg( (mtDebugMsg_t *)msg );
    204                break;
    205          
    206              case CB_FUNC:
    207                /*
    208                  Build SPI message here instead of redundantly calling MT_BuildSPIMsg
    209                  because we have copied data already in the allocated message
    210                */
    211          
    212                /* msg_ptr is the beginning of the intended SPI message */
    213                len = SPI_0DATA_MSG_LEN + msg_ptr[DATALEN_FIELD];
    214          
    215                /*
    216                  FCS goes to the last byte in the message and is calculated over all
    217                  the bytes except FCS and SOP
    218                */
    219                msg_ptr[len-1] = MT_UartCalcFCS(msg_ptr + 1, (uint8)(len-2));
    220          
    221          #ifdef MT_UART_DEFAULT_PORT
    222                HalUARTWrite ( MT_UART_DEFAULT_PORT, msg_ptr, len );
    223          #endif
    224                break;
    225          
    226              case CMD_DEBUG_STR:
    227                MT_ProcessDebugStr( (mtDebugStr_t *)msg );
    228                break;
    229          
    230          #if !defined ( NONWK )
    231              case MT_SYS_APP_RSP_MSG:
    232                len = SPI_0DATA_MSG_LEN + msg_ptr[DATALEN_FIELD];
    233                MTProcessAppRspMsg( msg_ptr, len );
    234                break;
    235          #endif  // NONWK
    236          
    237          #if defined (MT_UTIL_FUNC)
    238          #if defined ZCL_KEY_ESTABLISH
    239              case ZCL_KEY_ESTABLISH_IND:
    240                MT_UtilKeyEstablishInd((keyEstablishmentInd_t *)msg);
    241                break;
    242          #endif
    243          #endif
    244          #ifdef MT_ZDO_CB_FUNC
    245              case ZDO_STATE_CHANGE:
    246                MT_ZdoStateChangeCB((osal_event_hdr_t *)msg);
    247                break;
    248          #endif
    249          
    250              default:
    251                break;
    252            }
    253          }
    254          
    255          #ifdef MT_TASK
    256          /***************************************************************************************************
    257           * @fn      MT_TransportAlloc
    258           *
    259           * @brief   Allocate memory for transport msg
    260           *
    261           * @param   uint8 cmd0 - The first byte of the MT command id containing the command type and subsystem.
    262           *          uint8 len - length
    263           *
    264           * @return  pointer the allocated memory or NULL if fail to allocate the memory
    265           ***************************************************************************************************/

   \                                 In  segment BANKED_CODE, align 1, keep-with-next
    266          uint8 *MT_TransportAlloc(uint8 cmd0, uint8 len)
   \                     MT_TransportAlloc:
    267          {
   \   000000                REQUIRE ?V0
   \   000000                REQUIRE ?V1
   \   000000   74F6         MOV     A,#-0xa
   \   000002   12....       LCALL   ?BANKED_ENTER_XDATA
   \   000005                ; Saved register size: 10
   \   000005                ; Auto size: 0
   \   000005   EA           MOV     A,R2
    268            uint8 *p;
    269          
    270            (void)cmd0;  // Intentionally unreferenced parameter
    271          
    272            /* Allocate a buffer of data length + SOP+CMD+FCS (5 bytes) */
    273            p = osal_msg_allocate(len + SPI_0DATA_MSG_LEN);
   \   000006                ; Setup parameters for call to function osal_msg_allocate
   \   000006   2405         ADD     A,#0x5
   \   000008   FA           MOV     R2,A
   \   000009   E4           CLR     A
   \   00000A   3400         ADDC    A,#0x0
   \   00000C   FB           MOV     R3,A
   \   00000D   12....       LCALL   ??osal_msg_allocate?relay; Banked call to: osal_msg_allocate
   \   000010   8A82         MOV     DPL,R2
   \   000012   8B83         MOV     DPH,R3
    274          
    275            if (p)
   \   000014   E582         MOV     A,DPL
   \   000016   4583         ORL     A,DPH
   \   000018   6007         JZ      ??MT_TransportAlloc_0
    276            {
    277              p++; /* Save space for SOP_VALUE, msg structure */
    278              return p;
   \   00001A   A3           INC     DPTR
   \   00001B   AA82         MOV     R2,DPL
   \   00001D   AB83         MOV     R3,DPH
   \   00001F   8004         SJMP    ??MT_TransportAlloc_1
    279            }
    280            else
    281            {
    282              return NULL;
   \                     ??MT_TransportAlloc_0:
   \   000021   7A00         MOV     R2,#0x0
   \   000023   7B00         MOV     R3,#0x0
    283            }
   \                     ??MT_TransportAlloc_1:
   \   000025                REQUIRE ?Subroutine0
   \   000025                ; // Fall through to label ?Subroutine0
    284          }

   \                                 In  segment BANKED_CODE, align 1, keep-with-next
   \                     ?Subroutine0:
   \   000000   7F02         MOV     R7,#0x2
   \   000002   02....       LJMP    ?BANKED_LEAVE_XDATA
    285          
    286          /***************************************************************************************************
    287           * @fn      MT_TransportSend
    288           *
    289           * @brief   Fill in SOP and FCS then send out the msg
    290           *
    291           * @param   uint8 *pBuf - pointer to the message that contains CMD, length, data and FCS
    292           *
    293           * @return  None
    294           ***************************************************************************************************/

   \                                 In  segment BANKED_CODE, align 1, keep-with-next
    295          void MT_TransportSend(uint8 *pBuf)
   \                     MT_TransportSend:
    296          {
   \   000000                REQUIRE ?V0
   \   000000                REQUIRE ?V1
   \   000000   74F6         MOV     A,#-0xa
   \   000002   12....       LCALL   ?BANKED_ENTER_XDATA
   \   000005                ; Saved register size: 10
   \   000005                ; Auto size: 0
    297            uint8 *msgPtr;
    298            uint8 dataLen = pBuf[0]; /* Data length is on byte #1 from the pointer */
   \   000005   8A82         MOV     DPL,R2
   \   000007   8B83         MOV     DPH,R3
   \   000009   E0           MOVX    A,@DPTR
   \   00000A   F9           MOV     R1,A
    299          
    300            /* Move back to the SOP */
    301            msgPtr = pBuf-1;
   \   00000B   EA           MOV     A,R2
   \   00000C   24FF         ADD     A,#-0x1
   \   00000E   F5..         MOV     ?V0,A
   \   000010   EB           MOV     A,R3
   \   000011   34FF         ADDC    A,#-0x1
   \   000013   F5..         MOV     ?V1,A
    302          
    303            /* Insert SOP */
    304            msgPtr[0] = MT_UART_SOF;
   \   000015   85..82       MOV     DPL,?V0
   \   000018   F583         MOV     DPH,A
   \   00001A   74FE         MOV     A,#-0x2
   \   00001C   F0           MOVX    @DPTR,A
    305          
    306            /* Insert FCS */
    307            msgPtr[SPI_0DATA_MSG_LEN - 1 + dataLen] = MT_UartCalcFCS (pBuf, (3 + dataLen));
   \   00001D   8982         MOV     DPL,R1
   \   00001F   AE82         MOV     R6,DPL
   \   000021                ; Setup parameters for call to function MT_UartCalcFCS
   \   000021   09           INC     R1
   \   000022   09           INC     R1
   \   000023   09           INC     R1
   \   000024   12....       LCALL   ??MT_UartCalcFCS?relay; Banked call to: MT_UartCalcFCS
   \   000027   E5..         MOV     A,?V0
   \   000029   2E           ADD     A,R6
   \   00002A   F582         MOV     DPL,A
   \   00002C   E4           CLR     A
   \   00002D   35..         ADDC    A,?V1
   \   00002F   F583         MOV     DPH,A
   \   000031   A3           INC     DPTR
   \   000032   A3           INC     DPTR
   \   000033   A3           INC     DPTR
   \   000034   A3           INC     DPTR
   \   000035   E9           MOV     A,R1
   \   000036   F0           MOVX    @DPTR,A
    308          
    309            /* Send to UART */
    310          #ifdef MT_UART_DEFAULT_PORT
    311            HalUARTWrite(MT_UART_DEFAULT_PORT, msgPtr, dataLen + SPI_0DATA_MSG_LEN);
   \   000037                ; Setup parameters for call to function HalUARTWrite
   \   000037   EE           MOV     A,R6
   \   000038   2405         ADD     A,#0x5
   \   00003A   FC           MOV     R4,A
   \   00003B   E4           CLR     A
   \   00003C   3400         ADDC    A,#0x0
   \   00003E   FD           MOV     R5,A
   \   00003F   AA..         MOV     R2,?V0
   \   000041   AB..         MOV     R3,?V1
   \   000043   7900         MOV     R1,#0x0
   \   000045   12....       LCALL   ??HalUARTWrite?relay ; Banked call to: HalUARTWrite
    312          #endif
    313          
    314            /* Deallocate */
    315            osal_msg_deallocate(msgPtr);
   \   000048                ; Setup parameters for call to function osal_msg_deallocate
   \   000048   AA..         MOV     R2,?V0
   \   00004A   AB..         MOV     R3,?V1
   \   00004C   12....       LCALL   ??osal_msg_deallocate?relay; Banked call to: osal_msg_deallocate
    316          }
   \   00004F   80..         SJMP    ?Subroutine0

   \                                 In  segment BANK_RELAYS, align 1
   \                     ??MT_TaskInit?relay:
   \   000000   12....       LCALL   ?BDISPATCH
   \   000003   ......       DC24    MT_TaskInit

   \                                 In  segment BANK_RELAYS, align 1
   \                     ??MT_ProcessEvent?relay:
   \   000000   12....       LCALL   ?BDISPATCH
   \   000003   ......       DC24    MT_ProcessEvent

   \                                 In  segment BANK_RELAYS, align 1
   \                     ??MT_TransportAlloc?relay:
   \   000000   12....       LCALL   ?BDISPATCH
   \   000003   ......       DC24    MT_TransportAlloc

   \                                 In  segment BANK_RELAYS, align 1
   \                     ??MT_TransportSend?relay:
   \   000000   12....       LCALL   ?BDISPATCH
   \   000003   ......       DC24    MT_TransportSend
    317          #endif /* MT_TASK */
    318          /***************************************************************************************************
    319           ***************************************************************************************************/

   Maximum stack usage in bytes:

   ISTACK XSTACK Function
   ------ ------ --------
      1     17   MT_ProcessEvent
        0     17   -> HalUARTWrite
        0     17   -> MTProcessAppRspMsg
        0     17   -> MT_AfExec
        0     17   -> MT_Init
        0     17   -> MT_ProcessDebugMsg
        0     17   -> MT_ProcessDebugStr
        0     17   -> MT_ProcessIncoming
        0     17   -> MT_SysOsalTimerExpired
        0     17   -> MT_UartCalcFCS
        0     17   -> osal_msg_deallocate
        0     17   -> osal_msg_receive
      0      9   MT_TaskInit
        0      9   -> MT_UartInit
        0      9   -> MT_UartRegisterTaskID
        0      9   -> osal_set_event
      0     10   MT_TransportAlloc
        0     10   -> osal_msg_allocate
      1     10   MT_TransportSend
        0     10   -> HalUARTWrite
        0     10   -> MT_UartCalcFCS
        0     10   -> osal_msg_deallocate


   Segment part sizes:

   Bytes  Function/Label
   -----  --------------
       6  ??MT_ProcessEvent?relay
       6  ??MT_TaskInit?relay
       6  ??MT_TransportAlloc?relay
       6  ??MT_TransportSend?relay
       5  ?Subroutine0
     327  MT_ProcessEvent
       1  MT_TaskID
      33  MT_TaskInit
      37  MT_TransportAlloc
      81  MT_TransportSend

 
 483 bytes in segment BANKED_CODE
  24 bytes in segment BANK_RELAYS
   1 byte  in segment XDATA_Z
 
 507 bytes of CODE  memory
   1 byte  of XDATA memory

Errors: none
Warnings: none
