###############################################################################
#                                                                             #
# IAR C/C++ Compiler V8.30.1.41636 for 8051             27/Jun/2014  11:28:01 #
# Copyright 2004-2013 IAR Systems AB.                                         #
#                                                                             #
#    Core               =  plain                                              #
#    Code model         =  banked                                             #
#    Data model         =  large                                              #
#    Calling convention =  xdata reentrant                                    #
#    Constant location  =  data_rom                                           #
#    Dptr setup         =  1,16                                               #
#                                                                             #
#    Source file        =  C:\Texas Instruments\ZStack-CC2530-2.5.1a\Projects #
#                          \zstack\ZMain\TI2530DB\ZMain.c                     #
#    Command line       =  -f "C:\Texas Instruments\ZStack-CC2530-2.5.1a\Proj #
#                          ects\zstack\Samples\ParkWay\CC2530DB\..\..\..\Tool #
#                          s\CC2530DB\f8wEndev.cfg" (-DCPU32MHZ               #
#                          -DROOT=__near_func -DMAC_CFG_TX_DATA_MAX=3         #
#                          -DMAC_CFG_TX_MAX=6 -DMAC_CFG_RX_MAX=3) -f          #
#                          "C:\Texas Instruments\ZStack-CC2530-2.5.1a\Project #
#                          s\zstack\Samples\ParkWay\CC2530DB\..\..\..\Tools\C #
#                          C2530DB\f8wConfig.cfg" (-DZIGBEEPRO -DSECURE=0     #
#                          -DZG_SECURE_DYNAMIC=0 -DREFLECTOR                  #
#                          -DDEFAULT_CHANLIST=0x00000800                      #
#                          -DZDAPP_CONFIG_PAN_ID=0xFFFF                       #
#                          -DNWK_START_DELAY=100 -DEXTENDED_JOINING_RANDOM_MA #
#                          SK=0x007F -DBEACON_REQUEST_DELAY=100               #
#                          -DBEACON_REQ_DELAY_MASK=0x00FF                     #
#                          -DLINK_STATUS_JITTER_MASK=0x007F                   #
#                          -DROUTE_EXPIRY_TIME=30 -DAPSC_ACK_WAIT_DURATION_PO #
#                          LLED=3000 -DNWK_INDIRECT_MSG_TIMEOUT=7             #
#                          -DMAX_RREQ_ENTRIES=8 -DAPSC_MAX_FRAME_RETRIES=3    #
#                          -DNWK_MAX_DATA_RETRIES=2                           #
#                          -DMAX_POLL_FAILURE_RETRIES=2 -DMAX_BCAST=9         #
#                          -DAPS_MAX_GROUPS=16 -DMAX_RTG_ENTRIES=40           #
#                          -DNWK_MAX_BINDING_ENTRIES=4                        #
#                          -DMAX_BINDING_CLUSTER_IDS=4 "-DDEFAULT_KEY={0x01,  #
#                          0x03, 0x05, 0x07, 0x09, 0x0B, 0x0D, 0x0F, 0x00,    #
#                          0x02, 0x04, 0x06, 0x08, 0x0A, 0x0C, 0x0D}"         #
#                          -DMAC_MAX_FRAME_SIZE=116                           #
#                          -DZDNWKMGR_MIN_TRANSMISSIONS=20 "-DCONST=const     #
#                          __code" -DGENERIC=__generic                        #
#                          -DRFD_RCVC_ALWAYS_ON=FALSE -DPOLL_RATE=1000        #
#                          -DQUEUED_POLL_RATE=100 -DRESPONSE_POLL_RATE=100)   #
#                          -DREJOIN_POLL_RATE=440 "C:\Texas                   #
#                          Instruments\ZStack-CC2530-2.5.1a\Projects\zstack\Z #
#                          Main\TI2530DB\ZMain.c" -D NWK_AUTO_POLL -D         #
#                          ZTOOL_P1 -D MT_TASK -D MT_SYS_FUNC -D MT_ZDO_FUNC  #
#                          -D xLCD_SUPPORTED=DEBUG -D POWER_SAVING -lC        #
#                          "C:\Texas Instruments\ZStack-CC2530-2.5.1a\Project #
#                          s\zstack\Samples\ParkWay\CC2530DB\EndDeviceEB\List #
#                          \" -lA "C:\Texas Instruments\ZStack-CC2530-2.5.1a\ #
#                          Projects\zstack\Samples\ParkWay\CC2530DB\EndDevice #
#                          EB\List\" --diag_suppress Pe001,Pa010 -o           #
#                          "C:\Texas Instruments\ZStack-CC2530-2.5.1a\Project #
#                          s\zstack\Samples\ParkWay\CC2530DB\EndDeviceEB\Obj\ #
#                          " -e --no_code_motion --debug --core=plain         #
#                          --dptr=16,1 --data_model=large                     #
#                          --code_model=banked --calling_convention=xdata_ree #
#                          ntrant --place_constants=data_rom                  #
#                          --nr_virtual_regs 8 -I "C:\Texas                   #
#                          Instruments\ZStack-CC2530-2.5.1a\Projects\zstack\S #
#                          amples\ParkWay\CC2530DB\" -I "C:\Texas             #
#                          Instruments\ZStack-CC2530-2.5.1a\Projects\zstack\S #
#                          amples\ParkWay\CC2530DB\..\Source\" -I "C:\Texas   #
#                          Instruments\ZStack-CC2530-2.5.1a\Projects\zstack\S #
#                          amples\ParkWay\CC2530DB\..\..\..\ZMain\TI2530DB\"  #
#                          -I "C:\Texas Instruments\ZStack-CC2530-2.5.1a\Proj #
#                          ects\zstack\Samples\ParkWay\CC2530DB\..\..\..\..\. #
#                          .\Components\hal\include\" -I "C:\Texas            #
#                          Instruments\ZStack-CC2530-2.5.1a\Projects\zstack\S #
#                          amples\ParkWay\CC2530DB\..\..\..\..\..\Components\ #
#                          hal\target\CC2530EB\" -I "C:\Texas                 #
#                          Instruments\ZStack-CC2530-2.5.1a\Projects\zstack\S #
#                          amples\ParkWay\CC2530DB\..\..\..\..\..\Components\ #
#                          mac\include\" -I "C:\Texas                         #
#                          Instruments\ZStack-CC2530-2.5.1a\Projects\zstack\S #
#                          amples\ParkWay\CC2530DB\..\..\..\..\..\Components\ #
#                          mac\high_level\" -I "C:\Texas                      #
#                          Instruments\ZStack-CC2530-2.5.1a\Projects\zstack\S #
#                          amples\ParkWay\CC2530DB\..\..\..\..\..\Components\ #
#                          mac\low_level\srf04\" -I "C:\Texas                 #
#                          Instruments\ZStack-CC2530-2.5.1a\Projects\zstack\S #
#                          amples\ParkWay\CC2530DB\..\..\..\..\..\Components\ #
#                          mac\low_level\srf04\single_chip\" -I "C:\Texas     #
#                          Instruments\ZStack-CC2530-2.5.1a\Projects\zstack\S #
#                          amples\ParkWay\CC2530DB\..\..\..\..\..\Components\ #
#                          mt\" -I "C:\Texas Instruments\ZStack-CC2530-2.5.1a #
#                          \Projects\zstack\Samples\ParkWay\CC2530DB\..\..\.. #
#                          \..\..\Components\osal\include\" -I "C:\Texas      #
#                          Instruments\ZStack-CC2530-2.5.1a\Projects\zstack\S #
#                          amples\ParkWay\CC2530DB\..\..\..\..\..\Components\ #
#                          services\saddr\" -I "C:\Texas                      #
#                          Instruments\ZStack-CC2530-2.5.1a\Projects\zstack\S #
#                          amples\ParkWay\CC2530DB\..\..\..\..\..\Components\ #
#                          services\sdata\" -I "C:\Texas                      #
#                          Instruments\ZStack-CC2530-2.5.1a\Projects\zstack\S #
#                          amples\ParkWay\CC2530DB\..\..\..\..\..\Components\ #
#                          stack\af\" -I "C:\Texas Instruments\ZStack-CC2530- #
#                          2.5.1a\Projects\zstack\Samples\ParkWay\CC2530DB\.. #
#                          \..\..\..\..\Components\stack\nwk\" -I "C:\Texas   #
#                          Instruments\ZStack-CC2530-2.5.1a\Projects\zstack\S #
#                          amples\ParkWay\CC2530DB\..\..\..\..\..\Components\ #
#                          stack\sapi\" -I "C:\Texas                          #
#                          Instruments\ZStack-CC2530-2.5.1a\Projects\zstack\S #
#                          amples\ParkWay\CC2530DB\..\..\..\..\..\Components\ #
#                          stack\sec\" -I "C:\Texas                           #
#                          Instruments\ZStack-CC2530-2.5.1a\Projects\zstack\S #
#                          amples\ParkWay\CC2530DB\..\..\..\..\..\Components\ #
#                          stack\sys\" -I "C:\Texas                           #
#                          Instruments\ZStack-CC2530-2.5.1a\Projects\zstack\S #
#                          amples\ParkWay\CC2530DB\..\..\..\..\..\Components\ #
#                          stack\zdo\" -I "C:\Texas                           #
#                          Instruments\ZStack-CC2530-2.5.1a\Projects\zstack\S #
#                          amples\ParkWay\CC2530DB\..\..\..\..\..\Components\ #
#                          zmac\" -I "C:\Texas Instruments\ZStack-CC2530-2.5. #
#                          1a\Projects\zstack\Samples\ParkWay\CC2530DB\..\..\ #
#                          ..\..\..\Components\zmac\f8w\" -Ohz                #
#                          --require_prototypes                               #
#    List file          =  C:\Texas Instruments\ZStack-CC2530-2.5.1a\Projects #
#                          \zstack\Samples\ParkWay\CC2530DB\EndDeviceEB\List\ #
#                          ZMain.lst                                          #
#    Object file        =  C:\Texas Instruments\ZStack-CC2530-2.5.1a\Projects #
#                          \zstack\Samples\ParkWay\CC2530DB\EndDeviceEB\Obj\Z #
#                          Main.r51                                           #
#                                                                             #
#                                                                             #
###############################################################################

C:\Texas Instruments\ZStack-CC2530-2.5.1a\Projects\zstack\ZMain\TI2530DB\ZMain.c
      1          /**************************************************************************************************
      2            Filename:       ZMain.c
      3            Revised:        $Date: 2010-09-17 16:25:30 -0700 (Fri, 17 Sep 2010) $
      4            Revision:       $Revision: 23835 $
      5          
      6            Description:    Startup and shutdown code for ZStack
      7            Notes:          This version targets the Chipcon CC2530
      8          
      9          
     10            Copyright 2005-2010 Texas Instruments Incorporated. All rights reserved.
     11          
     12            IMPORTANT: Your use of this Software is limited to those specific rights
     13            granted under the terms of a software license agreement between the user
     14            who downloaded the software, his/her employer (which must be your employer)
     15            and Texas Instruments Incorporated (the "License").  You may not use this
     16            Software unless you agree to abide by the terms of the License. The License
     17            limits your use, and you acknowledge, that the Software may not be modified,
     18            copied or distributed unless embedded on a Texas Instruments microcontroller
     19            or used solely and exclusively in conjunction with a Texas Instruments radio
     20            frequency transceiver, which is integrated into your product.  Other than for
     21            the foregoing purpose, you may not use, reproduce, copy, prepare derivative
     22            works of, modify, distribute, perform, display or sell this Software and/or
     23            its documentation for any purpose.
     24          
     25            YOU FURTHER ACKNOWLEDGE AND AGREE THAT THE SOFTWARE AND DOCUMENTATION ARE
     26            PROVIDED “AS IS” WITHOUT WARRANTY OF ANY KIND, EITHER EXPRESS OR IMPLIED,
     27            INCLUDING WITHOUT LIMITATION, ANY WARRANTY OF MERCHANTABILITY, TITLE,
     28            NON-INFRINGEMENT AND FITNESS FOR A PARTICULAR PURPOSE. IN NO EVENT SHALL
     29            TEXAS INSTRUMENTS OR ITS LICENSORS BE LIABLE OR OBLIGATED UNDER CONTRACT,
     30            NEGLIGENCE, STRICT LIABILITY, CONTRIBUTION, BREACH OF WARRANTY, OR OTHER
     31            LEGAL EQUITABLE THEORY ANY DIRECT OR INDIRECT DAMAGES OR EXPENSES
     32            INCLUDING BUT NOT LIMITED TO ANY INCIDENTAL, SPECIAL, INDIRECT, PUNITIVE
     33            OR CONSEQUENTIAL DAMAGES, LOST PROFITS OR LOST DATA, COST OF PROCUREMENT
     34            OF SUBSTITUTE GOODS, TECHNOLOGY, SERVICES, OR ANY CLAIMS BY THIRD PARTIES
     35            (INCLUDING BUT NOT LIMITED TO ANY DEFENSE THEREOF), OR OTHER SIMILAR COSTS.
     36          
     37            Should you have any questions regarding your right to use this Software,
     38            contact Texas Instruments Incorporated at www.TI.com.
     39          **************************************************************************************************/
     40          
     41          /*********************************************************************
     42           * INCLUDES
     43           */
     44          
     45          #ifndef NONWK
     46          #include "AF.h"
     47          #endif
     48          #include "hal_adc.h"

   \                                 In  segment SFR_AN, at 0x8f
   \   unsigned char volatile __sfr P0INP
   \                     P0INP:
   \   000000                DS 1

   \                                 In  segment SFR_AN, at 0x90
   \   union <unnamed> volatile __sfr _A_P1
   \                     _A_P1:
   \   000000                DS 1

   \                                 In  segment SFR_AN, at 0x9d
   \   unsigned char volatile __sfr SLEEPSTA
   \                     SLEEPSTA:
   \   000000                DS 1

   \                                 In  segment SFR_AN, at 0x9e
   \   unsigned char volatile __sfr CLKCONSTA
   \                     CLKCONSTA:
   \   000000                DS 1

   \                                 In  segment SFR_AN, at 0xbe
   \   unsigned char volatile __sfr SLEEPCMD
   \                     SLEEPCMD:
   \   000000                DS 1

   \                                 In  segment SFR_AN, at 0xc6
   \   unsigned char volatile __sfr CLKCONCMD
   \                     CLKCONCMD:
   \   000000                DS 1

   \                                 In  segment SFR_AN, at 0xfe
   \   unsigned char volatile __sfr P1DIR
   \                     P1DIR:
   \   000000                DS 1
     49          #include "hal_flash.h"
     50          #include "hal_lcd.h"
     51          #include "hal_led.h"
     52          #include "hal_drivers.h"
     53          #include "OnBoard.h"
     54          #include "OSAL.h"
     55          #include "OSAL_Nv.h"
     56          #include "ZComDef.h"
     57          #include "ZMAC.h"
     58          
     59          /*********************************************************************
     60           * LOCAL FUNCTIONS
     61           */
     62          
     63          static void zmain_ext_addr( void );
     64          #if defined ZCL_KEY_ESTABLISH
     65          static void zmain_cert_init( void );
     66          #endif
     67          static void zmain_dev_info( void );
     68          static void zmain_vdd_check( void );
     69          
     70          #ifdef LCD_SUPPORTED
     71          static void zmain_lcd_init( void );
     72          #endif
     73          
     74          /*********************************************************************
     75           * @fn      main
     76           * @brief   First function called after startup.
     77           * @return  don't care
     78           */

   \                                 In  segment BANKED_CODE, align 1, keep-with-next
     79          int main( void )
   \                     main:
     80          {
   \   000000                ; Auto size: 0
     81            // Turn off interrupts
     82            osal_int_disable( INTS_ALL );
   \   000000                ; Setup parameters for call to function osal_int_disable
   \   000000   79FF         MOV     R1,#-0x1
   \   000002   12....       LCALL   ??osal_int_disable?relay; Banked call to: osal_int_disable
     83            // Initialization for board related stuff such as LEDs
     84            HAL_BOARD_INIT();
   \   000005   53BEFB       ANL     0xbe,#0xfb
   \                     ??main_0:
   \   000008   E59D         MOV     A,0x9d
   \   00000A   A2E6         MOV     C,0xE0 /* A   */.6
   \   00000C   50FA         JNC     ??main_0
   \   00000E   00           NOP
   \   00000F   78F8         MOV     R0,#-0x8
   \   000011   7901         MOV     R1,#0x1
   \                     ??main_1:
   \   000013   00           NOP
   \   000014   E8           MOV     A,R0
   \   000015   24FF         ADD     A,#-0x1
   \   000017   18           DEC     R0
   \   000018   E9           MOV     A,R1
   \   000019   34FF         ADDC    A,#-0x1
   \   00001B   F9           MOV     R1,A
   \   00001C   E8           MOV     A,R0
   \   00001D   49           ORL     A,R1
   \   00001E   70F3         JNZ     ??main_1
   \   000020   75C600       MOV     0xc6,#0x0
   \                     ??main_2:
   \   000023   E59E         MOV     A,0x9e
   \   000025   70FC         JNZ     ??main_2
   \   000027   43BE04       ORL     0xbe,#0x4
   \   00002A   906270       MOV     DPTR,#0x6270
   \   00002D   7408         MOV     A,#0x8
   \   00002F   F0           MOVX    @DPTR,A
   \   000030   C290         CLR     0x90.0
   \   000032   43FE01       ORL     0xfe,#0x1
   \   000035   C291         CLR     0x90.1
   \   000037   43FE02       ORL     0xfe,#0x2
   \   00003A   C294         CLR     0x90.4
   \   00003C   43FE10       ORL     0xfe,#0x10
   \   00003F   438F01       ORL     0x8f,#0x1
     85              
     86            // Make sure supply voltage is high enough to run
     87            zmain_vdd_check();
   \   000042   7E10         MOV     R6,#0x10
   \                     ??main_3:
   \   000044                ; Setup parameters for call to function HalAdcCheckVdd
   \   000044   794A         MOV     R1,#0x4a
   \   000046   12....       LCALL   ??HalAdcCheckVdd?relay; Banked call to: HalAdcCheckVdd
   \   000049   E9           MOV     A,R1
   \   00004A   60F8         JZ      ??main_3
   \   00004C   1E           DEC     R6
   \   00004D   EE           MOV     A,R6
   \   00004E   70F4         JNZ     ??main_3
     88          
     89            // Initialize board I/O
     90            InitBoard( OB_COLD );
   \   000050                ; Setup parameters for call to function InitBoard
   \   000050   7900         MOV     R1,#0x0
   \   000052   12....       LCALL   ??InitBoard?relay    ; Banked call to: InitBoard
     91          
     92            // Initialze HAL drivers
     93            HalDriverInit();
   \   000055                ; Setup parameters for call to function HalDriverInit
   \   000055   12....       LCALL   ??HalDriverInit?relay; Banked call to: HalDriverInit
     94          
     95            // Initialize NV System
     96            osal_nv_init( NULL );
   \   000058                ; Setup parameters for call to function osal_nv_init
   \   000058   7A00         MOV     R2,#0x0
   \   00005A   7B00         MOV     R3,#0x0
   \   00005C   12....       LCALL   ??osal_nv_init?relay ; Banked call to: osal_nv_init
     97          
     98            // Initialize the MAC
     99            ZMacInit();
   \   00005F                ; Setup parameters for call to function ZMacInit
   \   00005F   12....       LCALL   ??ZMacInit?relay     ; Banked call to: ZMacInit
    100          
    101            // Determine the extended address
    102            zmain_ext_addr();
   \   000062                ; Setup parameters for call to function zmain_ext_addr
   \   000062   12....       LCALL   ??zmain_ext_addr?relay; Banked call to: zmain_ext_addr
    103          
    104          #if defined ZCL_KEY_ESTABLISH
    105            // Initialize the Certicom certificate information.
    106            zmain_cert_init();
    107          #endif
    108          
    109            // Initialize basic NV items
    110            zgInit();
   \   000065                ; Setup parameters for call to function zgInit
   \   000065   12....       LCALL   ??zgInit?relay       ; Banked call to: zgInit
    111          
    112          #ifndef NONWK
    113            // Since the AF isn't a task, call it's initialization routine
    114            afInit();
    115          #endif
    116          
    117            // Initialize the operating system
    118            osal_init_system();
   \   000068                ; Setup parameters for call to function osal_init_system
   \   000068   12....       LCALL   ??osal_init_system?relay; Banked call to: osal_init_system
    119          
    120            // Allow interrupts
    121            osal_int_enable( INTS_ALL );
   \   00006B                ; Setup parameters for call to function osal_int_enable
   \   00006B   79FF         MOV     R1,#-0x1
   \   00006D   12....       LCALL   ??osal_int_enable?relay; Banked call to: osal_int_enable
    122          
    123            // Final board initialization
    124            InitBoard( OB_READY );
   \   000070                ; Setup parameters for call to function InitBoard
   \   000070   7902         MOV     R1,#0x2
   \   000072   12....       LCALL   ??InitBoard?relay    ; Banked call to: InitBoard
    125          
    126            // Display information about this device
    127            zmain_dev_info();
    128          
    129            /* Display the device info on the LCD */
    130          #ifdef LCD_SUPPORTED
    131            zmain_lcd_init();
    132          #endif
    133          
    134          #ifdef WDT_IN_PM1
    135            /* If WDT is used, this is a good place to enable it. */
    136            WatchDogEnable( WDTIMX );
    137          #endif
    138          
    139            osal_start_system(); // No Return from here
   \   000075                ; Setup parameters for call to function osal_start_system
   \   000075   12....       LCALL   ??osal_start_system?relay; Banked call to: osal_start_system
    140          
    141            return 0;  // Shouldn't get here.
   \   000078   7A00         MOV     R2,#0x0
   \   00007A   7B00         MOV     R3,#0x0
   \   00007C   02....       LJMP    ?BRET
   \   00007F                REQUIRE SLEEPCMD
   \   00007F                REQUIRE SLEEPSTA
   \   00007F                REQUIRE CLKCONCMD
   \   00007F                REQUIRE CLKCONSTA
   \   00007F                REQUIRE _A_P1
   \   00007F                REQUIRE P1DIR
   \   00007F                REQUIRE P0INP
    142          } // main()
    143          
    144          /*********************************************************************
    145           * @fn      zmain_vdd_check
    146           * @brief   Check if the Vdd is OK to run the processor.
    147           * @return  Return if Vdd is ok; otherwise, flash LED, then reset
    148           *********************************************************************/
    149          static void zmain_vdd_check( void )
    150          {
    151            uint8 cnt = 16;
    152            
    153            do {
    154              while (!HalAdcCheckVdd(VDD_MIN_RUN));
    155            } while (--cnt);
    156          }
    157          
    158          /**************************************************************************************************
    159           * @fn          zmain_ext_addr
    160           *
    161           * @brief       Execute a prioritized search for a valid extended address and write the results
    162           *              into the OSAL NV system for use by the system. Temporary address not saved to NV.
    163           *
    164           * input parameters
    165           *
    166           * None.
    167           *
    168           * output parameters
    169           *
    170           * None.
    171           *
    172           * @return      None.
    173           **************************************************************************************************
    174           */

   \                                 In  segment BANKED_CODE, align 1, keep-with-next
    175          static void zmain_ext_addr(void)
   \                     zmain_ext_addr:
    176          {
   \   000000                REQUIRE ?V0
   \   000000                REQUIRE ?V1
   \   000000                REQUIRE ?V2
   \   000000   74F5         MOV     A,#-0xb
   \   000002   12....       LCALL   ?BANKED_ENTER_XDATA
   \   000005                ; Saved register size: 11
   \   000005                ; Auto size: 8
   \   000005   74F8         MOV     A,#-0x8
   \   000007   12....       LCALL   ?ALLOC_XSTACK8
    177            uint8 nullAddr[Z_EXTADDR_LEN] = {0xFF, 0xFF, 0xFF, 0xFF, 0xFF, 0xFF, 0xFF, 0xFF};
   \   00000A   90....       MOV     DPTR,#`?<Constant {255, 255, 255, 255, 255, 255, 255,`
   \   00000D   AC..         MOV     R4,?XSP + 0
   \   00000F   AD..         MOV     R5,?XSP + 1
   \   000011   7408         MOV     A,#0x8
   \   000013   12....       LCALL   ?MOVE_LONG8_XDATA_XDATA
    178            uint8 writeNV = TRUE;
    179          
    180            // First check whether a non-erased extended address exists in the OSAL NV.
    181            if ((SUCCESS != osal_nv_item_init(ZCD_NV_EXTADDR, Z_EXTADDR_LEN, NULL))  ||
    182                (SUCCESS != osal_nv_read(ZCD_NV_EXTADDR, 0, Z_EXTADDR_LEN, aExtendedAddress)) ||
    183                (osal_memcmp(aExtendedAddress, nullAddr, Z_EXTADDR_LEN)))
   \   000016                ; Setup parameters for call to function osal_nv_item_init
   \   000016   F5..         MOV     ?V0,A
   \   000018   F5..         MOV     ?V1,A
   \   00001A   78..         MOV     R0,#?V0
   \   00001C   12....       LCALL   ?PUSH_XSTACK_I_TWO
   \   00001F   7C08         MOV     R4,#0x8
   \   000021   7D00         MOV     R5,#0x0
   \   000023   7A01         MOV     R2,#0x1
   \   000025   7B00         MOV     R3,#0x0
   \   000027   12....       LCALL   ??osal_nv_item_init?relay; Banked call to: osal_nv_item_init
   \   00002A   7402         MOV     A,#0x2
   \   00002C   12....       LCALL   ?DEALLOC_XSTACK8
   \   00002F   E9           MOV     A,R1
   \   000030   7051         JNZ     ??zmain_ext_addr_0
   \   000032                ; Setup parameters for call to function osal_nv_read
   \   000032   75....       MOV     ?V0,#aExtendedAddress & 0xff
   \   000035   75....       MOV     ?V1,#(aExtendedAddress >> 8) & 0xff
   \   000038   78..         MOV     R0,#?V0
   \   00003A   12....       LCALL   ?PUSH_XSTACK_I_TWO
   \   00003D   75..08       MOV     ?V0,#0x8
   \   000040   75..00       MOV     ?V1,#0x0
   \   000043   78..         MOV     R0,#?V0
   \   000045   12....       LCALL   ?PUSH_XSTACK_I_TWO
   \   000048   7C00         MOV     R4,#0x0
   \   00004A   7D00         MOV     R5,#0x0
   \   00004C   7A01         MOV     R2,#0x1
   \   00004E   7B00         MOV     R3,#0x0
   \   000050   12....       LCALL   ??osal_nv_read?relay ; Banked call to: osal_nv_read
   \   000053   7404         MOV     A,#0x4
   \   000055   12....       LCALL   ?DEALLOC_XSTACK8
   \   000058   E9           MOV     A,R1
   \   000059   7028         JNZ     ??zmain_ext_addr_0
   \   00005B                ; Setup parameters for call to function osal_memcmp
   \   00005B   A8..         MOV     R0,?XSP + 0
   \   00005D   A9..         MOV     R1,?XSP + 1
   \   00005F   88..         MOV     ?V0,R0
   \   000061   89..         MOV     ?V1,R1
   \   000063   75..00       MOV     ?V2,#0x0
   \   000066   78..         MOV     R0,#?V0
   \   000068   12....       LCALL   ?PUSH_XSTACK_I_THREE
   \   00006B   7C08         MOV     R4,#0x8
   \   00006D   7D00         MOV     R5,#0x0
   \   00006F   79..         MOV     R1,#aExtendedAddress & 0xff
   \   000071   7A..         MOV     R2,#(aExtendedAddress >> 8) & 0xff
   \   000073   7B00         MOV     R3,#0x0
   \   000075   12....       LCALL   ??osal_memcmp?relay  ; Banked call to: osal_memcmp
   \   000078   7403         MOV     A,#0x3
   \   00007A   12....       LCALL   ?DEALLOC_XSTACK8
   \   00007D   E9           MOV     A,R1
   \   00007E   7003         JNZ     $+5
   \   000080   02....       LJMP    ??zmain_ext_addr_1 & 0xFFFF
    184            {
    185              // Attempt to read the extended address from the location on the lock bits page
    186              // where the programming tools know to reserve it.
    187              HalFlashRead(HAL_FLASH_IEEE_PAGE, HAL_FLASH_IEEE_OSET, aExtendedAddress, Z_EXTADDR_LEN);
   \                     ??zmain_ext_addr_0:
   \   000083                ; Setup parameters for call to function HalFlashRead
   \   000083   75..08       MOV     ?V0,#0x8
   \   000086   75..00       MOV     ?V1,#0x0
   \   000089   78..         MOV     R0,#?V0
   \   00008B   12....       LCALL   ?PUSH_XSTACK_I_TWO
   \   00008E   7C..         MOV     R4,#aExtendedAddress & 0xff
   \   000090   7D..         MOV     R5,#(aExtendedAddress >> 8) & 0xff
   \   000092   7AE8         MOV     R2,#-0x18
   \   000094   7B07         MOV     R3,#0x7
   \   000096   797F         MOV     R1,#0x7f
   \   000098   12....       LCALL   ??HalFlashRead?relay ; Banked call to: HalFlashRead
   \   00009B   7402         MOV     A,#0x2
   \   00009D   12....       LCALL   ?DEALLOC_XSTACK8
    188          
    189              if (osal_memcmp(aExtendedAddress, nullAddr, Z_EXTADDR_LEN))
   \   0000A0                ; Setup parameters for call to function osal_memcmp
   \   0000A0   A8..         MOV     R0,?XSP + 0
   \   0000A2   A9..         MOV     R1,?XSP + 1
   \   0000A4   88..         MOV     ?V0,R0
   \   0000A6   89..         MOV     ?V1,R1
   \   0000A8   75..00       MOV     ?V2,#0x0
   \   0000AB   78..         MOV     R0,#?V0
   \   0000AD   12....       LCALL   ?PUSH_XSTACK_I_THREE
   \   0000B0   7C08         MOV     R4,#0x8
   \   0000B2   7D00         MOV     R5,#0x0
   \   0000B4   79..         MOV     R1,#aExtendedAddress & 0xff
   \   0000B6   7A..         MOV     R2,#(aExtendedAddress >> 8) & 0xff
   \   0000B8   7B00         MOV     R3,#0x0
   \   0000BA   12....       LCALL   ??osal_memcmp?relay  ; Banked call to: osal_memcmp
   \   0000BD   7403         MOV     A,#0x3
   \   0000BF   12....       LCALL   ?DEALLOC_XSTACK8
   \   0000C2   E9           MOV     A,R1
   \   0000C3   6035         JZ      ??zmain_ext_addr_2
    190              {
    191                // Attempt to read the extended address from the designated location in the Info Page.
    192                if (!osal_memcmp((uint8 *)(P_INFOPAGE+HAL_INFOP_IEEE_OSET), nullAddr, Z_EXTADDR_LEN))
   \   0000C5                ; Setup parameters for call to function osal_memcmp
   \   0000C5   78..         MOV     R0,#?V0
   \   0000C7   12....       LCALL   ?PUSH_XSTACK_I_THREE
   \   0000CA   7C08         MOV     R4,#0x8
   \   0000CC   7D00         MOV     R5,#0x0
   \   0000CE   790C         MOV     R1,#0xc
   \   0000D0   7A78         MOV     R2,#0x78
   \   0000D2   7B00         MOV     R3,#0x0
   \   0000D4   12....       LCALL   ??osal_memcmp?relay  ; Banked call to: osal_memcmp
   \   0000D7   7403         MOV     A,#0x3
   \   0000D9   12....       LCALL   ?DEALLOC_XSTACK8
   \   0000DC   E9           MOV     A,R1
   \   0000DD   7054         JNZ     ??zmain_ext_addr_3
    193                {
    194                  osal_memcpy(aExtendedAddress, (uint8 *)(P_INFOPAGE+HAL_INFOP_IEEE_OSET), Z_EXTADDR_LEN);
   \   0000DF                ; Setup parameters for call to function osal_memcpy
   \   0000DF   75..0C       MOV     ?V0,#0xc
   \   0000E2   75..78       MOV     ?V1,#0x78
   \   0000E5   78..         MOV     R0,#?V0
   \   0000E7   12....       LCALL   ?PUSH_XSTACK_I_THREE
   \   0000EA   7C08         MOV     R4,#0x8
   \   0000EC   7D00         MOV     R5,#0x0
   \   0000EE   7A..         MOV     R2,#aExtendedAddress & 0xff
   \   0000F0   7B..         MOV     R3,#(aExtendedAddress >> 8) & 0xff
   \   0000F2   12....       LCALL   ??osal_memcpy?relay  ; Banked call to: osal_memcpy
   \   0000F5   7403         MOV     A,#0x3
   \   0000F7   12....       LCALL   ?DEALLOC_XSTACK8
    195                }
    196                else  // No valid extended address was found.
    197                {
    198                  uint8 idx;
    199                  
    200          #if !defined ( NV_RESTORE )
    201                  writeNV = FALSE;  // Make this a temporary IEEE address
    202          #endif
    203          
    204                  /* Attempt to create a sufficiently random extended address for expediency.
    205                   * Note: this is only valid/legal in a test environment and
    206                   *       must never be used for a commercial product.
    207                   */
    208                  for (idx = 0; idx < (Z_EXTADDR_LEN - 2);)
    209                  {
    210                    uint16 randy = osal_rand();
    211                    aExtendedAddress[idx++] = LO_UINT16(randy);
    212                    aExtendedAddress[idx++] = HI_UINT16(randy);
    213                  }
    214                  // Next-to-MSB identifies ZigBee devicetype.
    215          #if ZG_BUILD_COORDINATOR_TYPE && !ZG_BUILD_JOINING_TYPE
    216                  aExtendedAddress[idx++] = 0x10;
    217          #elif ZG_BUILD_RTRONLY_TYPE
    218                  aExtendedAddress[idx++] = 0x20;
    219          #else
    220                  aExtendedAddress[idx++] = 0x30;
    221          #endif
    222                  // MSB has historical signficance.
    223                  aExtendedAddress[idx] = 0xF8;
    224                }
    225              }
    226          
    227              if (writeNV)
    228              {
    229                (void)osal_nv_write(ZCD_NV_EXTADDR, 0, Z_EXTADDR_LEN, aExtendedAddress);
   \                     ??zmain_ext_addr_2:
   \   0000FA                ; Setup parameters for call to function osal_nv_write
   \   0000FA   75....       MOV     ?V0,#aExtendedAddress & 0xff
   \   0000FD   75....       MOV     ?V1,#(aExtendedAddress >> 8) & 0xff
   \   000100   78..         MOV     R0,#?V0
   \   000102   12....       LCALL   ?PUSH_XSTACK_I_TWO
   \   000105   75..08       MOV     ?V0,#0x8
   \   000108   75..00       MOV     ?V1,#0x0
   \   00010B   78..         MOV     R0,#?V0
   \   00010D   12....       LCALL   ?PUSH_XSTACK_I_TWO
   \   000110   7C00         MOV     R4,#0x0
   \   000112   7D00         MOV     R5,#0x0
   \   000114   7A01         MOV     R2,#0x1
   \   000116   7B00         MOV     R3,#0x0
   \   000118   12....       LCALL   ??osal_nv_write?relay; Banked call to: osal_nv_write
   \   00011B   7404         MOV     A,#0x4
   \   00011D   12....       LCALL   ?DEALLOC_XSTACK8
    230              }
    231            }
    232          
    233            // Set the MAC PIB extended address according to results from above.
    234            (void)ZMacSetReq(MAC_EXTENDED_ADDRESS, aExtendedAddress);
   \                     ??zmain_ext_addr_1:
   \   000120                ; Setup parameters for call to function ZMacSetReq
   \   000120   7A..         MOV     R2,#aExtendedAddress & 0xff
   \   000122   7B..         MOV     R3,#(aExtendedAddress >> 8) & 0xff
   \   000124   79E2         MOV     R1,#-0x1e
   \   000126   12....       LCALL   ??ZMacSetReq?relay   ; Banked call to: ZMacSetReq
    235          }
   \   000129   7408         MOV     A,#0x8
   \   00012B   12....       LCALL   ?DEALLOC_XSTACK8
   \   00012E   7F03         MOV     R7,#0x3
   \   000130   02....       LJMP    ?BANKED_LEAVE_XDATA
   \                     ??zmain_ext_addr_3:
   \   000133   7E00         MOV     R6,#0x0
   \                     ??zmain_ext_addr_4:
   \   000135                ; Setup parameters for call to function osal_rand
   \   000135   12....       LCALL   ??osal_rand?relay    ; Banked call to: osal_rand
   \   000138   12....       LCALL   ?Subroutine0 & 0xFFFF
   \                     ??CrossCallReturnLabel_0:
   \   00013B   EA           MOV     A,R2
   \   00013C   F0           MOVX    @DPTR,A
   \   00013D   0E           INC     R6
   \   00013E   12....       LCALL   ?Subroutine0 & 0xFFFF
   \                     ??CrossCallReturnLabel_1:
   \   000141   EB           MOV     A,R3
   \   000142   F0           MOVX    @DPTR,A
   \   000143   0E           INC     R6
   \   000144   EE           MOV     A,R6
   \   000145   C3           CLR     C
   \   000146   9406         SUBB    A,#0x6
   \   000148   40EB         JC      ??zmain_ext_addr_4
   \   00014A   12....       LCALL   ?Subroutine0 & 0xFFFF
   \                     ??CrossCallReturnLabel_2:
   \   00014D   7430         MOV     A,#0x30
   \   00014F   F0           MOVX    @DPTR,A
   \   000150   7401         MOV     A,#0x1
   \   000152   2E           ADD     A,R6
   \   000153   F8           MOV     R0,A
   \   000154   74..         MOV     A,#aExtendedAddress & 0xff
   \   000156   28           ADD     A,R0
   \   000157   F582         MOV     DPL,A
   \   000159   E4           CLR     A
   \   00015A   34..         ADDC    A,#(aExtendedAddress >> 8) & 0xff
   \   00015C   F583         MOV     DPH,A
   \   00015E   74F8         MOV     A,#-0x8
   \   000160   F0           MOVX    @DPTR,A
   \   000161   80BD         SJMP    ??zmain_ext_addr_1

   \                                 In  segment BANKED_CODE, align 1, keep-with-next
   \                     ?Subroutine0:
   \   000000   74..         MOV     A,#aExtendedAddress & 0xff
   \   000002   2E           ADD     A,R6
   \   000003   F582         MOV     DPL,A
   \   000005   E4           CLR     A
   \   000006   34..         ADDC    A,#(aExtendedAddress >> 8) & 0xff
   \   000008   F583         MOV     DPH,A
   \   00000A   22           RET

   \                                 In  segment BANK_RELAYS, align 1
   \                     ??main?relay:
   \   000000   12....       LCALL   ?BDISPATCH
   \   000003   ......       DC24    main

   \                                 In  segment BANK_RELAYS, align 1
   \                     ??zmain_ext_addr?relay:
   \   000000   12....       LCALL   ?BDISPATCH
   \   000003   ......       DC24    zmain_ext_addr

   \                                 In  segment XDATA_ROM_C, align 1
   \                     `?<Constant {255, 255, 255, 255, 255, 255, 255,`:
   \   000000   FF           DB 255
   \   000001   FF           DB 255
   \   000002   FF           DB 255
   \   000003   FF           DB 255
   \   000004   FF           DB 255
   \   000005   FF           DB 255
   \   000006   FF           DB 255
   \   000007   FF           DB 255
    236          
    237          #if defined ZCL_KEY_ESTABLISH
    238          /**************************************************************************************************
    239           * @fn          zmain_cert_init
    240           *
    241           * @brief       Initialize the Certicom certificate information.
    242           *
    243           * input parameters
    244           *
    245           * None.
    246           *
    247           * output parameters
    248           *
    249           * None.
    250           *
    251           * @return      None.
    252           **************************************************************************************************
    253           */
    254          static void zmain_cert_init(void)
    255          {
    256            uint8 certData[ZCL_KE_IMPLICIT_CERTIFICATE_LEN];
    257            uint8 nullData[ZCL_KE_IMPLICIT_CERTIFICATE_LEN] = {
    258              0xFF, 0xFF, 0xFF, 0xFF, 0xFF, 0xFF, 0xFF, 0xFF,
    259              0xFF, 0xFF, 0xFF, 0xFF, 0xFF, 0xFF, 0xFF, 0xFF,
    260              0xFF, 0xFF, 0xFF, 0xFF, 0xFF, 0xFF, 0xFF, 0xFF,
    261              0xFF, 0xFF, 0xFF, 0xFF, 0xFF, 0xFF, 0xFF, 0xFF,
    262              0xFF, 0xFF, 0xFF, 0xFF, 0xFF, 0xFF, 0xFF, 0xFF,
    263              0xFF, 0xFF, 0xFF, 0xFF, 0xFF, 0xFF, 0xFF, 0xFF
    264            };
    265          
    266            (void)osal_nv_item_init(ZCD_NV_IMPLICIT_CERTIFICATE, ZCL_KE_IMPLICIT_CERTIFICATE_LEN, NULL);
    267            (void)osal_nv_item_init(ZCD_NV_DEVICE_PRIVATE_KEY, ZCL_KE_DEVICE_PRIVATE_KEY_LEN, NULL);
    268          
    269            // First check whether non-null certificate data exists in the OSAL NV. To save on code space,
    270            // just use the ZCD_NV_CA_PUBLIC_KEY as the bellwether for all three.
    271            if ((SUCCESS != osal_nv_item_init(ZCD_NV_CA_PUBLIC_KEY, ZCL_KE_CA_PUBLIC_KEY_LEN, NULL))    ||
    272                (SUCCESS != osal_nv_read(ZCD_NV_CA_PUBLIC_KEY, 0, ZCL_KE_CA_PUBLIC_KEY_LEN, certData))  ||
    273                (osal_memcmp(certData, nullData, ZCL_KE_CA_PUBLIC_KEY_LEN)))
    274            {
    275              // Attempt to read the certificate data from its corresponding location on the lock bits page.
    276              HalFlashRead(HAL_FLASH_IEEE_PAGE, HAL_FLASH_CA_PUBLIC_KEY_OSET, certData,
    277                                                   ZCL_KE_CA_PUBLIC_KEY_LEN);
    278              // If the certificate data is not NULL, use it to update the corresponding NV items.
    279              if (!osal_memcmp(certData, nullData, ZCL_KE_CA_PUBLIC_KEY_LEN))
    280              {
    281                (void)osal_nv_write(ZCD_NV_CA_PUBLIC_KEY, 0, ZCL_KE_CA_PUBLIC_KEY_LEN, certData);
    282                HalFlashRead(HAL_FLASH_IEEE_PAGE, HAL_FLASH_IMPLICIT_CERT_OSET, certData,
    283                                                     ZCL_KE_IMPLICIT_CERTIFICATE_LEN);
    284                (void)osal_nv_write(ZCD_NV_IMPLICIT_CERTIFICATE, 0,
    285                                    ZCL_KE_IMPLICIT_CERTIFICATE_LEN, certData);
    286                HalFlashRead(HAL_FLASH_IEEE_PAGE, HAL_FLASH_DEV_PRIVATE_KEY_OSET, certData,
    287                                                  ZCL_KE_DEVICE_PRIVATE_KEY_LEN);
    288                (void)osal_nv_write(ZCD_NV_DEVICE_PRIVATE_KEY, 0, ZCL_KE_DEVICE_PRIVATE_KEY_LEN, certData);
    289              }
    290            }
    291          }
    292          #endif
    293          
    294          /**************************************************************************************************
    295           * @fn          zmain_dev_info
    296           *
    297           * @brief       This displays the IEEE (MSB to LSB) on the LCD.
    298           *
    299           * input parameters
    300           *
    301           * None.
    302           *
    303           * output parameters
    304           *
    305           * None.
    306           *
    307           * @return      None.
    308           **************************************************************************************************
    309           */
    310          static void zmain_dev_info(void)
    311          {
    312          #ifdef LCD_SUPPORTED
    313            uint8 i;
    314            uint8 *xad;
    315            uint8 lcd_buf[Z_EXTADDR_LEN*2+1];
    316          
    317            // Display the extended address.
    318            xad = aExtendedAddress + Z_EXTADDR_LEN - 1;
    319          
    320            for (i = 0; i < Z_EXTADDR_LEN*2; xad--)
    321            {
    322              uint8 ch;
    323              ch = (*xad >> 4) & 0x0F;
    324              lcd_buf[i++] = ch + (( ch < 10 ) ? '0' : '7');
    325              ch = *xad & 0x0F;
    326              lcd_buf[i++] = ch + (( ch < 10 ) ? '0' : '7');
    327            }
    328            lcd_buf[Z_EXTADDR_LEN*2] = '\0';
    329            HalLcdWriteString( "IEEE: ", HAL_LCD_LINE_1 );
    330            HalLcdWriteString( (char*)lcd_buf, HAL_LCD_LINE_2 );
    331          #endif
    332          }
    333          
    334          #ifdef LCD_SUPPORTED
    335          /*********************************************************************
    336           * @fn      zmain_lcd_init
    337           * @brief   Initialize LCD at start up.
    338           * @return  none
    339           *********************************************************************/
    340          static void zmain_lcd_init ( void )
    341          {
    342          #ifdef SERIAL_DEBUG_SUPPORTED
    343            {
    344              HalLcdWriteString( "TexasInstruments", HAL_LCD_LINE_1 );
    345          
    346          #if defined( MT_MAC_FUNC )
    347          #if defined( ZDO_COORDINATOR )
    348                HalLcdWriteString( "MAC-MT Coord", HAL_LCD_LINE_2 );
    349          #else
    350                HalLcdWriteString( "MAC-MT Device", HAL_LCD_LINE_2 );
    351          #endif // ZDO
    352          #elif defined( MT_NWK_FUNC )
    353          #if defined( ZDO_COORDINATOR )
    354                HalLcdWriteString( "NWK Coordinator", HAL_LCD_LINE_2 );
    355          #else
    356                HalLcdWriteString( "NWK Device", HAL_LCD_LINE_2 );
    357          #endif // ZDO
    358          #endif // MT_FUNC
    359            }
    360          #endif // SERIAL_DEBUG_SUPPORTED
    361          }
    362          #endif
    363          
    364          /*********************************************************************
    365          *********************************************************************/

   Maximum stack usage in bytes:

   ISTACK XSTACK Function
   ------ ------ --------
      0      0   main
        0      0   -> HalAdcCheckVdd
        0      0   -> HalDriverInit
        0      0   -> InitBoard
        0      0   -> ZMacInit
        0      0   -> osal_init_system
        0      0   -> osal_int_disable
        0      0   -> osal_int_enable
        0      0   -> osal_nv_init
        0      0   -> osal_start_system
        0      0   -> zgInit
        0      0   -> zmain_ext_addr
      1     23   zmain_ext_addr
        0     21   -> HalFlashRead
        0     19   -> ZMacSetReq
        0     22   -> osal_memcmp
        0     22   -> osal_memcpy
        0     21   -> osal_nv_item_init
        0     23   -> osal_nv_read
        0     23   -> osal_nv_write
        0     19   -> osal_rand


   Segment part sizes:

   Bytes  Function/Label
   -----  --------------
       8  ?<Constant {255, 255, 255, 255, 255, 255, 255,
       6  ??main?relay
       6  ??zmain_ext_addr?relay
      11  ?Subroutine0
       1  CLKCONCMD
       1  CLKCONSTA
       1  P0INP
       1  P1DIR
       1  SLEEPCMD
       1  SLEEPSTA
       1  _A_P1
     127  main
     355  zmain_ext_addr

 
 493 bytes in segment BANKED_CODE
  12 bytes in segment BANK_RELAYS
   7 bytes in segment SFR_AN
   8 bytes in segment XDATA_ROM_C
 
 505 bytes of CODE  memory
   8 bytes of CONST memory
   0 bytes of DATA  memory (+ 7 bytes shared)

Errors: none
Warnings: none
