###############################################################################
#                                                                             #
# IAR C/C++ Compiler V8.30.1.41636 for 8051             27/Jun/2014  11:51:40 #
# Copyright 2004-2013 IAR Systems AB.                                         #
#                                                                             #
#    Core               =  plain                                              #
#    Code model         =  banked                                             #
#    Data model         =  large                                              #
#    Calling convention =  xdata reentrant                                    #
#    Constant location  =  data_rom                                           #
#    Dptr setup         =  1,16                                               #
#                                                                             #
#    Source file        =  C:\Texas Instruments\ZStack-CC2530-2.5.1a\Componen #
#                          ts\zmac\f8w\zmac_cb.c                              #
#    Command line       =  -f "C:\Texas Instruments\ZStack-CC2530-2.5.1a\Proj #
#                          ects\zstack\Samples\ParkWay\CC2530DB\..\..\..\Tool #
#                          s\CC2530DB\f8wCoord.cfg" (-DCPU32MHZ               #
#                          -DROOT=__near_func -DMAC_CFG_APP_PENDING_QUEUE=TRU #
#                          E -DMAC_CFG_TX_DATA_MAX=5 -DMAC_CFG_TX_MAX=8       #
#                          -DMAC_CFG_RX_MAX=5 -DZDO_COORDINATOR -DRTR_NWK)    #
#                          -f "C:\Texas Instruments\ZStack-CC2530-2.5.1a\Proj #
#                          ects\zstack\Samples\ParkWay\CC2530DB\..\..\..\Tool #
#                          s\CC2530DB\f8wConfig.cfg" (-DZIGBEEPRO -DSECURE=0  #
#                          -DZG_SECURE_DYNAMIC=0 -DREFLECTOR                  #
#                          -DDEFAULT_CHANLIST=0x00000800                      #
#                          -DZDAPP_CONFIG_PAN_ID=0xFFFF                       #
#                          -DNWK_START_DELAY=100 -DEXTENDED_JOINING_RANDOM_MA #
#                          SK=0x007F -DBEACON_REQUEST_DELAY=100               #
#                          -DBEACON_REQ_DELAY_MASK=0x00FF                     #
#                          -DLINK_STATUS_JITTER_MASK=0x007F                   #
#                          -DROUTE_EXPIRY_TIME=30 -DAPSC_ACK_WAIT_DURATION_PO #
#                          LLED=3000 -DNWK_INDIRECT_MSG_TIMEOUT=7             #
#                          -DMAX_RREQ_ENTRIES=8 -DAPSC_MAX_FRAME_RETRIES=3    #
#                          -DNWK_MAX_DATA_RETRIES=2                           #
#                          -DMAX_POLL_FAILURE_RETRIES=2 -DMAX_BCAST=9         #
#                          -DAPS_MAX_GROUPS=16 -DMAX_RTG_ENTRIES=40           #
#                          -DNWK_MAX_BINDING_ENTRIES=4                        #
#                          -DMAX_BINDING_CLUSTER_IDS=4 "-DDEFAULT_KEY={0x01,  #
#                          0x03, 0x05, 0x07, 0x09, 0x0B, 0x0D, 0x0F, 0x00,    #
#                          0x02, 0x04, 0x06, 0x08, 0x0A, 0x0C, 0x0D}"         #
#                          -DMAC_MAX_FRAME_SIZE=116                           #
#                          -DZDNWKMGR_MIN_TRANSMISSIONS=20 "-DCONST=const     #
#                          __code" -DGENERIC=__generic                        #
#                          -DRFD_RCVC_ALWAYS_ON=FALSE -DPOLL_RATE=1000        #
#                          -DQUEUED_POLL_RATE=100 -DRESPONSE_POLL_RATE=100)   #
#                          -DREJOIN_POLL_RATE=440 "C:\Texas                   #
#                          Instruments\ZStack-CC2530-2.5.1a\Components\zmac\f #
#                          8w\zmac_cb.c" -D ZTOOL_P1 -D MT_TASK -D            #
#                          MT_SYS_FUNC -D MT_ZDO_FUNC -D xLCD_SUPPORTED -D    #
#                          NV_RESTORE -lC "C:\Texas                           #
#                          Instruments\ZStack-CC2530-2.5.1a\Projects\zstack\S #
#                          amples\ParkWay\CC2530DB\CoordinatorEB\List\" -lA   #
#                          "C:\Texas Instruments\ZStack-CC2530-2.5.1a\Project #
#                          s\zstack\Samples\ParkWay\CC2530DB\CoordinatorEB\Li #
#                          st\" --diag_suppress Pe001,Pa010 -o "C:\Texas      #
#                          Instruments\ZStack-CC2530-2.5.1a\Projects\zstack\S #
#                          amples\ParkWay\CC2530DB\CoordinatorEB\Obj\" -e     #
#                          --no_code_motion --debug --core=plain --dptr=16,1  #
#                          --data_model=large --code_model=banked             #
#                          --calling_convention=xdata_reentrant               #
#                          --place_constants=data_rom --nr_virtual_regs 8 -I  #
#                          "C:\Texas Instruments\ZStack-CC2530-2.5.1a\Project #
#                          s\zstack\Samples\ParkWay\CC2530DB\" -I "C:\Texas   #
#                          Instruments\ZStack-CC2530-2.5.1a\Projects\zstack\S #
#                          amples\ParkWay\CC2530DB\..\Source\" -I "C:\Texas   #
#                          Instruments\ZStack-CC2530-2.5.1a\Projects\zstack\S #
#                          amples\ParkWay\CC2530DB\..\..\..\ZMain\TI2530DB\"  #
#                          -I "C:\Texas Instruments\ZStack-CC2530-2.5.1a\Proj #
#                          ects\zstack\Samples\ParkWay\CC2530DB\..\..\..\..\. #
#                          .\Components\hal\include\" -I "C:\Texas            #
#                          Instruments\ZStack-CC2530-2.5.1a\Projects\zstack\S #
#                          amples\ParkWay\CC2530DB\..\..\..\..\..\Components\ #
#                          hal\target\CC2530EB\" -I "C:\Texas                 #
#                          Instruments\ZStack-CC2530-2.5.1a\Projects\zstack\S #
#                          amples\ParkWay\CC2530DB\..\..\..\..\..\Components\ #
#                          mac\include\" -I "C:\Texas                         #
#                          Instruments\ZStack-CC2530-2.5.1a\Projects\zstack\S #
#                          amples\ParkWay\CC2530DB\..\..\..\..\..\Components\ #
#                          mac\high_level\" -I "C:\Texas                      #
#                          Instruments\ZStack-CC2530-2.5.1a\Projects\zstack\S #
#                          amples\ParkWay\CC2530DB\..\..\..\..\..\Components\ #
#                          mac\low_level\srf04\" -I "C:\Texas                 #
#                          Instruments\ZStack-CC2530-2.5.1a\Projects\zstack\S #
#                          amples\ParkWay\CC2530DB\..\..\..\..\..\Components\ #
#                          mac\low_level\srf04\single_chip\" -I "C:\Texas     #
#                          Instruments\ZStack-CC2530-2.5.1a\Projects\zstack\S #
#                          amples\ParkWay\CC2530DB\..\..\..\..\..\Components\ #
#                          mt\" -I "C:\Texas Instruments\ZStack-CC2530-2.5.1a #
#                          \Projects\zstack\Samples\ParkWay\CC2530DB\..\..\.. #
#                          \..\..\Components\osal\include\" -I "C:\Texas      #
#                          Instruments\ZStack-CC2530-2.5.1a\Projects\zstack\S #
#                          amples\ParkWay\CC2530DB\..\..\..\..\..\Components\ #
#                          services\saddr\" -I "C:\Texas                      #
#                          Instruments\ZStack-CC2530-2.5.1a\Projects\zstack\S #
#                          amples\ParkWay\CC2530DB\..\..\..\..\..\Components\ #
#                          services\sdata\" -I "C:\Texas                      #
#                          Instruments\ZStack-CC2530-2.5.1a\Projects\zstack\S #
#                          amples\ParkWay\CC2530DB\..\..\..\..\..\Components\ #
#                          stack\af\" -I "C:\Texas Instruments\ZStack-CC2530- #
#                          2.5.1a\Projects\zstack\Samples\ParkWay\CC2530DB\.. #
#                          \..\..\..\..\Components\stack\nwk\" -I "C:\Texas   #
#                          Instruments\ZStack-CC2530-2.5.1a\Projects\zstack\S #
#                          amples\ParkWay\CC2530DB\..\..\..\..\..\Components\ #
#                          stack\sapi\" -I "C:\Texas                          #
#                          Instruments\ZStack-CC2530-2.5.1a\Projects\zstack\S #
#                          amples\ParkWay\CC2530DB\..\..\..\..\..\Components\ #
#                          stack\sec\" -I "C:\Texas                           #
#                          Instruments\ZStack-CC2530-2.5.1a\Projects\zstack\S #
#                          amples\ParkWay\CC2530DB\..\..\..\..\..\Components\ #
#                          stack\sys\" -I "C:\Texas                           #
#                          Instruments\ZStack-CC2530-2.5.1a\Projects\zstack\S #
#                          amples\ParkWay\CC2530DB\..\..\..\..\..\Components\ #
#                          stack\zdo\" -I "C:\Texas                           #
#                          Instruments\ZStack-CC2530-2.5.1a\Projects\zstack\S #
#                          amples\ParkWay\CC2530DB\..\..\..\..\..\Components\ #
#                          zmac\" -I "C:\Texas Instruments\ZStack-CC2530-2.5. #
#                          1a\Projects\zstack\Samples\ParkWay\CC2530DB\..\..\ #
#                          ..\..\..\Components\zmac\f8w\" -Ohz                #
#                          --require_prototypes                               #
#    List file          =  C:\Texas Instruments\ZStack-CC2530-2.5.1a\Projects #
#                          \zstack\Samples\ParkWay\CC2530DB\CoordinatorEB\Lis #
#                          t\zmac_cb.lst                                      #
#    Object file        =  C:\Texas Instruments\ZStack-CC2530-2.5.1a\Projects #
#                          \zstack\Samples\ParkWay\CC2530DB\CoordinatorEB\Obj #
#                          \zmac_cb.r51                                       #
#                                                                             #
#                                                                             #
###############################################################################

C:\Texas Instruments\ZStack-CC2530-2.5.1a\Components\zmac\f8w\zmac_cb.c
      1          /**************************************************************************************************
      2            Filename:       zmac_cb.c
      3            Revised:        $Date: 2012-03-08 17:10:16 -0800 (Thu, 08 Mar 2012) $
      4            Revision:       $Revision: 29685 $
      5          
      6            Description:    This file contains the NWK functions that the ZMAC calls
      7          
      8          
      9            Copyright 2005-2012 Texas Instruments Incorporated. All rights reserved.
     10          
     11            IMPORTANT: Your use of this Software is limited to those specific rights
     12            granted under the terms of a software license agreement between the user
     13            who downloaded the software, his/her employer (which must be your employer)
     14            and Texas Instruments Incorporated (the "License").  You may not use this
     15            Software unless you agree to abide by the terms of the License. The License
     16            limits your use, and you acknowledge, that the Software may not be modified,
     17            copied or distributed unless embedded on a Texas Instruments microcontroller
     18            or used solely and exclusively in conjunction with a Texas Instruments radio
     19            frequency transceiver, which is integrated into your product.  Other than for
     20            the foregoing purpose, you may not use, reproduce, copy, prepare derivative
     21            works of, modify, distribute, perform, display or sell this Software and/or
     22            its documentation for any purpose.
     23          
     24            YOU FURTHER ACKNOWLEDGE AND AGREE THAT THE SOFTWARE AND DOCUMENTATION ARE
     25            PROVIDED “AS IS” WITHOUT WARRANTY OF ANY KIND, EITHER EXPRESS OR IMPLIED,
     26            INCLUDING WITHOUT LIMITATION, ANY WARRANTY OF MERCHANTABILITY, TITLE,
     27            NON-INFRINGEMENT AND FITNESS FOR A PARTICULAR PURPOSE. IN NO EVENT SHALL
     28            TEXAS INSTRUMENTS OR ITS LICENSORS BE LIABLE OR OBLIGATED UNDER CONTRACT,
     29            NEGLIGENCE, STRICT LIABILITY, CONTRIBUTION, BREACH OF WARRANTY, OR OTHER
     30            LEGAL EQUITABLE THEORY ANY DIRECT OR INDIRECT DAMAGES OR EXPENSES
     31            INCLUDING BUT NOT LIMITED TO ANY INCIDENTAL, SPECIAL, INDIRECT, PUNITIVE
     32            OR CONSEQUENTIAL DAMAGES, LOST PROFITS OR LOST DATA, COST OF PROCUREMENT
     33            OF SUBSTITUTE GOODS, TECHNOLOGY, SERVICES, OR ANY CLAIMS BY THIRD PARTIES
     34            (INCLUDING BUT NOT LIMITED TO ANY DEFENSE THEREOF), OR OTHER SIMILAR COSTS.
     35          
     36            Should you have any questions regarding your right to use this Software,
     37            contact Texas Instruments Incorporated at www.TI.com.
     38          **************************************************************************************************/
     39          
     40          /********************************************************************************************************
     41           *                                               INCLUDES
     42           ********************************************************************************************************/
     43          
     44          #include "ZComDef.h"
     45          #include "OSAL.h"
     46          #include "ZMAC.h"
     47          #include "MT_MAC.h"
     48          #include "hal_mcu.h"

   \                                 In  segment SFR_AN, at 0xa8
   \   union <unnamed> volatile __sfr _A_IEN0
   \                     _A_IEN0:
   \   000000                DS 1
     49          
     50          #if !defined NONWK
     51          #include "nwk.h"
     52          #include "nwk_bufs.h"
     53          #include "ZGlobals.h"
     54          #endif
     55          
     56          #if defined( MACSIM )
     57            #include "mac_sim.h"
     58          #endif
     59          
     60          #include "mac_security.h"
     61          
     62          #include "mac_main.h"
     63          extern void *ZMac_ScanBuf;
     64          
     65          /********************************************************************************************************
     66           *                                               CONSTANTS
     67           ********************************************************************************************************/
     68          
     69          #if !defined NONWK
     70          /* Lookup table for size of structures. Must match with the order of MAC callback events */

   \                                 In  segment CODE_C, align 1
     71          const uint8 CODE zmacCBSizeTable [] = {
   \                     zmacCBSizeTable:
   \   000000   00           DB 0
   \   000001   16           DB 22
   \   000002   0F           DB 15
   \   000003   00           DB 0
   \   000004   00           DB 0
   \   000005   0B           DB 11
   \   000006   15           DB 21
   \   000007   0B           DB 11
   \   000008   02           DB 2
   \   000009   00           DB 0
   \   00000A   02           DB 2
   \   00000B   22           DB 34
   \   00000C   0F           DB 15
   \   00000D   32           DB 50
   \   00000E   00           DB 0
   \   00000F   00           DB 0
   \   000010   06           DB 6
     72            0,
     73            sizeof(ZMacAssociateInd_t),       // MAC_MLME_ASSOCIATE_IND      1   Associate indication
     74            sizeof(ZMacAssociateCnf_t),       // MAC_MLME_ASSOCIATE_CNF      2   Associate confirm
     75            0,                                // MAC_MLME_DISASSOCIATE_IND   3   Disassociate indication
     76            0,                                // MAC_MLME_DISASSOCIATE_CNF   4   Disassociate confirm
     77            sizeof(macMlmeBeaconNotifyInd_t), // MAC_MLME_BEACON_NOTIFY_IND  5   con notify indication
     78            sizeof(ZMacOrphanInd_t),          // MAC_MLME_ORPHAN_IND         6   Orphan indication
     79            sizeof(ZMacScanCnf_t),            // MAC_MLME_SCAN_CNF           7   Scan confirm
     80            sizeof(ZMacStartCnf_t),           // MAC_MLME_START_CNF          8   Start confirm
     81            0,                                // MAC_MLME_SYNC_LOSS_IND      9   Sync loss indication
     82            sizeof(ZMacPollCnf_t),            // MAC_MLME_POLL_CNF           10  Poll confirm
     83            sizeof(ZMacCommStatusInd_t),      // MAC_MLME_COMM_STATUS_IND    11  Comm status indication
     84            sizeof(ZMacDataCnf_t),            // MAC_MCPS_DATA_CNF           12  Data confirm
     85            sizeof(macMcpsDataInd_t),         // MAC_MCPS_DATA_IND           13  Data indication
     86            0,                                // MAC_MCPS_PURGE_CNF          14  Purge confirm
     87            0,                                // MAC_PWR_ON_CNF              15  Power on confirm
     88            sizeof(ZMacPollInd_t)             // MAC_MLME_POLL_IND           16  Poll indication
     89          };
     90          #endif /* !defined NONWK */
     91          
     92          /********************************************************************************************************
     93           *                                               LOCALS
     94           ********************************************************************************************************/
     95          
     96          /* LQI Adjustment Mode */

   \                                 In  segment XDATA_Z, align 1, keep-with-next
     97          static ZMacLqiAdjust_t lqiAdjMode = LQI_ADJ_OFF;
   \                     lqiAdjMode:
   \   000000                DS 1
   \   000001                REQUIRE __INIT_XDATA_Z
     98          
     99          #if !defined NONWK
    100          /* LQI Adjustment Function */
    101          static void ZMacLqiAdjust( uint8 corr, uint8* lqi );
    102          #endif
    103          
    104          /*********************************************************************
    105           * ZMAC Function Pointers
    106           */
    107          
    108          /*
    109           * ZMac Application callback function. This function will be called
    110           * for every MAC message that is received over-the-air or generated
    111           * locally by MAC for the application.
    112           *
    113           * The callback function should return TRUE if it has handled the
    114           * MAC message and no further action should be taken with it. It
    115           * should return FALSE if it has not handled the MAC message and
    116           * normal processing should take place.
    117           *
    118           * NOTE: The processing in this function should be kept to the
    119           *       minimum.
    120           */

   \                                 In  segment XDATA_Z, align 1, keep-with-next
    121          uint8 (*pZMac_AppCallback)( uint8 *msgPtr ) = (void*)NULL;
   \                     pZMac_AppCallback:
   \   000000                DS 2
   \   000002                REQUIRE __INIT_XDATA_Z
    122          
    123          
    124          /*********************************************************************
    125           * ZMAC Functions
    126           */
    127          
    128          /**************************************************************************************************
    129           * @fn       MAC_CbackEvent()
    130           *
    131           * @brief    convert MAC data confirm and indication to ZMac and send to NWK
    132           *
    133           * @param    pData - pointer to macCbackEvent_t
    134           *
    135           * @return   none
    136           *************************************************************************************************/

   \                                 In  segment BANKED_CODE, align 1, keep-with-next
    137          void MAC_CbackEvent(macCbackEvent_t *pData)
   \                     MAC_CbackEvent:
    138          #ifndef MT_MAC_CB_FUNC
    139          {
   \   000000                REQUIRE ?V0
   \   000000                REQUIRE ?V1
   \   000000                REQUIRE ?V2
   \   000000                REQUIRE ?V3
   \   000000                REQUIRE ?V4
   \   000000                REQUIRE ?V5
   \   000000                REQUIRE ?V6
   \   000000                REQUIRE ?V7
   \   000000   74F0         MOV     A,#-0x10
   \   000002   12....       LCALL   ?BANKED_ENTER_XDATA
   \   000005                ; Saved register size: 16
   \   000005                ; Auto size: 5
   \   000005   74FB         MOV     A,#-0x5
   \   000007   12....       LCALL   ?ALLOC_XSTACK8
   \   00000A   85..82       MOV     DPL,?XSP + 0
   \   00000D   85..83       MOV     DPH,?XSP + 1
   \   000010   EA           MOV     A,R2
   \   000011   F0           MOVX    @DPTR,A
   \   000012   A3           INC     DPTR
   \   000013   EB           MOV     A,R3
   \   000014   F0           MOVX    @DPTR,A
    140          #if !defined NONWK
    141            uint8 event = pData->hdr.event;
   \   000015   12....       LCALL   ?Subroutine7 & 0xFFFF
   \                     ??CrossCallReturnLabel_13:
   \   000018   E0           MOVX    A,@DPTR
   \   000019   F5..         MOV     ?V3,A
    142            uint16 tmp = zmacCBSizeTable[event];
   \   00001B   F5..         MOV     ?V0,A
   \   00001D   12....       LCALL   ?Subroutine8 & 0xFFFF
   \                     ??CrossCallReturnLabel_15:
   \   000020   F8           MOV     R0,A
   \   000021   7402         MOV     A,#0x2
   \   000023   12....       LCALL   ?XSTACK_DISP0_8
   \   000026   E8           MOV     A,R0
   \   000027   F0           MOVX    @DPTR,A
   \   000028   A3           INC     DPTR
   \   000029   E4           CLR     A
   \   00002A   F0           MOVX    @DPTR,A
    143            macCbackEvent_t *msgPtr;
    144          
    145            /* If the Network layer will handle a new MAC callback, a non-zero value must be entered in the
    146             * corresponding location in the zmacCBSizeTable[] - thus the table acts as "should handle"?
    147             */
    148            if (tmp == 0)
   \   00002B   7402         MOV     A,#0x2
   \   00002D   12....       LCALL   ?XSTACK_DISP0_8
   \   000030   E0           MOVX    A,@DPTR
   \   000031   7003         JNZ     $+5
   \   000033   02....       LJMP    ??MAC_CbackEvent_0 & 0xFFFF
    149            {
    150              return;
    151            }
    152          
    153            // MAC_MCPS_DATA_IND is very special - it is the only event where the MAC does not free *pData.
    154            if ( event == MAC_MCPS_DATA_IND )
   \   000036   740D         MOV     A,#0xd
   \   000038   65..         XRL     A,?V3
   \   00003A   7046         JNZ     ??MAC_CbackEvent_1
    155            {
    156              MAC_MlmeGetReq( MAC_SHORT_ADDRESS, &tmp );
   \   00003C                ; Setup parameters for call to function MAC_MlmeGetReq
   \   00003C   7402         MOV     A,#0x2
   \   00003E   12....       LCALL   ?XSTACK_DISP101_8
   \   000041   7953         MOV     R1,#0x53
   \   000043   12....       LCALL   ??MAC_MlmeGetReq?relay; Banked call to: MAC_MlmeGetReq
    157              if ((tmp == INVALID_NODE_ADDR) || (tmp == NWK_BROADCAST_SHORTADDR_DEVALL) ||
    158                  (pData->dataInd.msdu.len == 0))
   \   000046   7402         MOV     A,#0x2
   \   000048   12....       LCALL   ?XSTACK_DISP0_8
   \   00004B   E0           MOVX    A,@DPTR
   \   00004C   64FE         XRL     A,#0xfe
   \   00004E   7003         JNZ     ??MAC_CbackEvent_2
   \   000050   A3           INC     DPTR
   \   000051   E0           MOVX    A,@DPTR
   \   000052   F4           CPL     A
   \                     ??MAC_CbackEvent_2:
   \   000053   7003         JNZ     $+5
   \   000055   02....       LJMP    ??MAC_CbackEvent_3 & 0xFFFF
   \   000058   7402         MOV     A,#0x2
   \   00005A   12....       LCALL   ?XSTACK_DISP0_8
   \   00005D   E0           MOVX    A,@DPTR
   \   00005E   F4           CPL     A
   \   00005F   7003         JNZ     ??MAC_CbackEvent_4
   \   000061   A3           INC     DPTR
   \   000062   E0           MOVX    A,@DPTR
   \   000063   F4           CPL     A
   \                     ??MAC_CbackEvent_4:
   \   000064   7003         JNZ     $+5
   \   000066   02....       LJMP    ??MAC_CbackEvent_3 & 0xFFFF
   \   000069   12....       LCALL   ?Subroutine4 & 0xFFFF
   \                     ??CrossCallReturnLabel_7:
   \   00006C   A3           INC     DPTR
   \   00006D   A3           INC     DPTR
   \   00006E   E0           MOVX    A,@DPTR
   \   00006F   7003         JNZ     $+5
   \   000071   02....       LJMP    ??MAC_CbackEvent_3 & 0xFFFF
    159              {
    160                mac_msg_deallocate( (uint8 **)&pData );
    161                return;
    162              }
    163              msgPtr = pData;
   \   000074   85..82       MOV     DPL,?XSP + 0
   \   000077   85..83       MOV     DPH,?XSP + 1
   \   00007A   E0           MOVX    A,@DPTR
   \   00007B   FE           MOV     R6,A
   \   00007C   A3           INC     DPTR
   \   00007D   E0           MOVX    A,@DPTR
   \   00007E   FF           MOV     R7,A
   \   00007F   02....       LJMP    ??MAC_CbackEvent_5 & 0xFFFF
    164            }
    165            else
    166            {
    167              if (event == MAC_MLME_BEACON_NOTIFY_IND )
   \                     ??MAC_CbackEvent_1:
   \   000082   7405         MOV     A,#0x5
   \   000084   65..         XRL     A,?V3
   \   000086   7015         JNZ     ??MAC_CbackEvent_6
    168              {
    169                tmp += sizeof(macPanDesc_t) + pData->beaconNotifyInd.sduLength;
   \   000088   85..82       MOV     DPL,?XSP + 0
   \   00008B   85..83       MOV     DPH,?XSP + 1
   \   00008E   E0           MOVX    A,@DPTR
   \   00008F   F8           MOV     R0,A
   \   000090   12....       LCALL   ?Subroutine3 & 0xFFFF
    170              }
   \                     ??CrossCallReturnLabel_5:
   \   000093   7900         MOV     R1,#0x0
   \   000095   2421         ADD     A,#0x21
   \   000097   F8           MOV     R0,A
   \   000098   502E         JNC     ??MAC_CbackEvent_7
   \   00009A   09           INC     R1
   \   00009B   802B         SJMP    ??MAC_CbackEvent_7
    171              else if (event == MAC_MLME_SCAN_CNF)
   \                     ??MAC_CbackEvent_6:
   \   00009D   7407         MOV     A,#0x7
   \   00009F   65..         XRL     A,?V3
   \   0000A1   7031         JNZ     ??MAC_CbackEvent_8
    172              {
    173                if (pData->scanCnf.scanType == ZMAC_ED_SCAN)
   \   0000A3   12....       LCALL   ?Subroutine4 & 0xFFFF
   \                     ??CrossCallReturnLabel_8:
   \   0000A6   E0           MOVX    A,@DPTR
   \   0000A7   700F         JNZ     ??MAC_CbackEvent_9
    174                {
    175                  tmp += ZMAC_ED_SCAN_MAXCHANNELS;
   \   0000A9   7402         MOV     A,#0x2
   \   0000AB   12....       LCALL   ?XSTACK_DISP0_8
   \   0000AE   E0           MOVX    A,@DPTR
   \   0000AF   241B         ADD     A,#0x1b
   \   0000B1   F0           MOVX    @DPTR,A
   \   0000B2   A3           INC     DPTR
   \   0000B3   E0           MOVX    A,@DPTR
   \   0000B4   3400         ADDC    A,#0x0
   \   0000B6   801B         SJMP    ??MAC_CbackEvent_10
    176                }
    177                else
    178                {
    179                  tmp += sizeof( ZMacPanDesc_t ) * pData->scanCnf.resultListSize;
   \                     ??MAC_CbackEvent_9:
   \   0000B8   85..82       MOV     DPL,?XSP + 0
   \   0000BB   85..83       MOV     DPH,?XSP + 1
   \   0000BE   12....       LCALL   ?Subroutine3 & 0xFFFF
    180                }
    181              }
   \                     ??CrossCallReturnLabel_6:
   \   0000C1   75F021       MOV     B,#0x21
   \   0000C4   A4           MUL     AB
   \   0000C5   F8           MOV     R0,A
   \   0000C6   A9F0         MOV     R1,B
   \                     ??MAC_CbackEvent_7:
   \   0000C8   7402         MOV     A,#0x2
   \   0000CA   12....       LCALL   ?XSTACK_DISP0_8
   \   0000CD   E0           MOVX    A,@DPTR
   \   0000CE   28           ADD     A,R0
   \   0000CF   F0           MOVX    @DPTR,A
   \   0000D0   A3           INC     DPTR
   \   0000D1   E0           MOVX    A,@DPTR
   \   0000D2   39           ADDC    A,R1
   \                     ??MAC_CbackEvent_10:
   \   0000D3   F0           MOVX    @DPTR,A
    182          
    183              if ( !(msgPtr = (macCbackEvent_t *)osal_msg_allocate(tmp)) )
   \                     ??MAC_CbackEvent_8:
   \   0000D4                ; Setup parameters for call to function osal_msg_allocate
   \   0000D4   7402         MOV     A,#0x2
   \   0000D6   12....       LCALL   ?XSTACK_DISP0_8
   \   0000D9   E0           MOVX    A,@DPTR
   \   0000DA   FA           MOV     R2,A
   \   0000DB   A3           INC     DPTR
   \   0000DC   E0           MOVX    A,@DPTR
   \   0000DD   FB           MOV     R3,A
   \   0000DE   12....       LCALL   ??osal_msg_allocate?relay; Banked call to: osal_msg_allocate
   \   0000E1   8A..         MOV     ?V0,R2
   \   0000E3   8B..         MOV     ?V1,R3
   \   0000E5   AE..         MOV     R6,?V0
   \   0000E7   AF..         MOV     R7,?V1
   \   0000E9   EE           MOV     A,R6
   \   0000EA   4F           ORL     A,R7
   \   0000EB   7053         JNZ     ??MAC_CbackEvent_11
    184              {
    185                // Not enough memory. If data confirm - try again
    186                if ((event == MAC_MCPS_DATA_CNF) && (pData->dataCnf.pDataReq != NULL))
   \   0000ED   740C         MOV     A,#0xc
   \   0000EF   65..         XRL     A,?V3
   \   0000F1   6003         JZ      $+5
   \   0000F3   02....       LJMP    ??MAC_CbackEvent_0 & 0xFFFF
   \   0000F6   12....       LCALL   ?Subroutine2 & 0xFFFF
   \                     ??CrossCallReturnLabel_3:
   \   0000F9   7003         JNZ     $+5
   \   0000FB   02....       LJMP    ??MAC_CbackEvent_0 & 0xFFFF
    187                {
    188                  halIntState_t intState;
    189          
    190                  // This is not normally deallocated here because the pZMac_AppCallback()
    191                  // application may need it.
    192                  HAL_ENTER_CRITICAL_SECTION( intState );  // Hold off interrupts.
   \   0000FE   A2AF         MOV     C,0xa8.7
   \   000100   E4           CLR     A
   \   000101   33           RLC     A
   \   000102   F5..         MOV     ?V0,A
   \   000104   C2AF         CLR     0xa8.7
    193          
    194                  mac_msg_deallocate( (uint8**)&(pData->dataCnf.pDataReq) );
   \   000106                ; Setup parameters for call to function mac_msg_deallocate
   \   000106   12....       LCALL   ?Subroutine5 & 0xFFFF
   \                     ??CrossCallReturnLabel_9:
   \   000109   12....       LCALL   ??mac_msg_deallocate?relay; Banked call to: mac_msg_deallocate
    195                  if ( !(msgPtr = (macCbackEvent_t *)osal_msg_allocate(tmp)) )
   \   00010C                ; Setup parameters for call to function osal_msg_allocate
   \   00010C   7402         MOV     A,#0x2
   \   00010E   12....       LCALL   ?XSTACK_DISP0_8
   \   000111   E0           MOVX    A,@DPTR
   \   000112   FA           MOV     R2,A
   \   000113   A3           INC     DPTR
   \   000114   E0           MOVX    A,@DPTR
   \   000115   FB           MOV     R3,A
   \   000116   12....       LCALL   ??osal_msg_allocate?relay; Banked call to: osal_msg_allocate
   \   000119   8A..         MOV     ?V4,R2
   \   00011B   8B..         MOV     ?V5,R3
   \   00011D   AE..         MOV     R6,?V4
   \   00011F   AF..         MOV     R7,?V5
   \   000121   EE           MOV     A,R6
   \   000122   4F           ORL     A,R7
   \   000123   700F         JNZ     ??MAC_CbackEvent_12
    196                  {
    197                    // Still no allocation, something is wrong
    198                    HAL_EXIT_CRITICAL_SECTION( intState );   // Re-enable interrupts.
   \   000125   7404         MOV     A,#0x4
   \   000127   12....       LCALL   ?XSTACK_DISP0_8
   \   00012A   E5..         MOV     A,?V0
   \   00012C   F0           MOVX    @DPTR,A
   \   00012D   A2E0         MOV     C,0xE0 /* A   */.0
   \   00012F   92AF         MOV     0xa8.7,C
    199                    return;
   \   000131   02....       LJMP    ??MAC_CbackEvent_0 & 0xFFFF
    200                  }
    201                  HAL_EXIT_CRITICAL_SECTION( intState );   // Re-enable interrupts.
   \                     ??MAC_CbackEvent_12:
   \   000134   7404         MOV     A,#0x4
   \   000136   12....       LCALL   ?XSTACK_DISP0_8
   \   000139   E5..         MOV     A,?V0
   \   00013B   F0           MOVX    @DPTR,A
   \   00013C   A2E0         MOV     C,0xE0 /* A   */.0
   \   00013E   92AF         MOV     0xa8.7,C
    202                }
    203                else
    204                {
    205                  // This message is dropped
    206                  return;
    207                }
    208              }
    209              osal_memcpy(msgPtr, pData, zmacCBSizeTable[event]);
   \                     ??MAC_CbackEvent_11:
   \   000140                ; Setup parameters for call to function osal_memcpy
   \   000140   85..82       MOV     DPL,?XSP + 0
   \   000143   85..83       MOV     DPH,?XSP + 1
   \   000146   E0           MOVX    A,@DPTR
   \   000147   F5..         MOV     ?V0,A
   \   000149   A3           INC     DPTR
   \   00014A   E0           MOVX    A,@DPTR
   \   00014B   F5..         MOV     ?V1,A
   \   00014D   75..00       MOV     ?V2,#0x0
   \   000150   78..         MOV     R0,#?V0
   \   000152   12....       LCALL   ?PUSH_XSTACK_I_THREE
   \   000155   85....       MOV     ?V0,?V3
   \   000158   12....       LCALL   ?Subroutine8 & 0xFFFF
    210            }
   \                     ??CrossCallReturnLabel_16:
   \   00015B   FC           MOV     R4,A
   \   00015C   7D00         MOV     R5,#0x0
   \   00015E   EE           MOV     A,R6
   \   00015F   FA           MOV     R2,A
   \   000160   EF           MOV     A,R7
   \   000161   FB           MOV     R3,A
   \   000162   12....       LCALL   ??osal_memcpy?relay  ; Banked call to: osal_memcpy
   \   000165   7403         MOV     A,#0x3
   \   000167   12....       LCALL   ?DEALLOC_XSTACK8
    211          
    212            if ( event == MAC_MLME_BEACON_NOTIFY_IND )
   \   00016A   7405         MOV     A,#0x5
   \   00016C   65..         XRL     A,?V3
   \   00016E   6003         JZ      $+5
   \   000170   02....       LJMP    ??MAC_CbackEvent_13 & 0xFFFF
    213            {
    214              macMlmeBeaconNotifyInd_t *pBeacon = (macMlmeBeaconNotifyInd_t*)msgPtr;
    215          
    216              osal_memcpy(pBeacon+1, pBeacon->pPanDesc, sizeof(macPanDesc_t));
   \   000173   12....       LCALL   ?Subroutine9 & 0xFFFF
   \                     ??CrossCallReturnLabel_17:
   \   000176   EE           MOV     A,R6
   \   000177   2403         ADD     A,#0x3
   \   000179   F5..         MOV     ?V6,A
   \   00017B   E4           CLR     A
   \   00017C   3F           ADDC    A,R7
   \   00017D   F5..         MOV     ?V7,A
   \   00017F                ; Setup parameters for call to function osal_memcpy
   \   00017F   85..82       MOV     DPL,?V6
   \   000182   12....       LCALL   ?Subroutine6 & 0xFFFF
   \                     ??CrossCallReturnLabel_11:
   \   000185   12....       LCALL   ?PUSH_XSTACK_I_THREE
   \   000188   7C21         MOV     R4,#0x21
   \   00018A   7D00         MOV     R5,#0x0
   \   00018C   AA..         MOV     R2,?V4
   \   00018E   AB..         MOV     R3,?V5
   \   000190   12....       LCALL   ??osal_memcpy?relay  ; Banked call to: osal_memcpy
   \   000193   7403         MOV     A,#0x3
   \   000195   12....       LCALL   ?DEALLOC_XSTACK8
    217              pBeacon->pPanDesc = (macPanDesc_t *)(pBeacon+1);
   \   000198   85..82       MOV     DPL,?V6
   \   00019B   85..83       MOV     DPH,?V7
   \   00019E   E5..         MOV     A,?V4
   \   0001A0   F0           MOVX    @DPTR,A
   \   0001A1   A3           INC     DPTR
   \   0001A2   E5..         MOV     A,?V5
   \   0001A4   F0           MOVX    @DPTR,A
    218              osal_memcpy(pBeacon->pPanDesc+1, pBeacon->pSdu, pBeacon->sduLength);
   \   0001A5   12....       LCALL   ?Subroutine10 & 0xFFFF
   \                     ??CrossCallReturnLabel_19:
   \   0001A8                ; Setup parameters for call to function osal_memcpy
   \   0001A8   85..82       MOV     DPL,?V4
   \   0001AB   12....       LCALL   ?Subroutine6 & 0xFFFF
   \                     ??CrossCallReturnLabel_12:
   \   0001AE   12....       LCALL   ?PUSH_XSTACK_I_THREE
   \   0001B1   8E82         MOV     DPL,R6
   \   0001B3   8F83         MOV     DPH,R7
   \   0001B5   A3           INC     DPTR
   \   0001B6   A3           INC     DPTR
   \   0001B7   A3           INC     DPTR
   \   0001B8   A3           INC     DPTR
   \   0001B9   A3           INC     DPTR
   \   0001BA   A3           INC     DPTR
   \   0001BB   A3           INC     DPTR
   \   0001BC   A3           INC     DPTR
   \   0001BD   E0           MOVX    A,@DPTR
   \   0001BE   FC           MOV     R4,A
   \   0001BF   7D00         MOV     R5,#0x0
   \   0001C1   85..82       MOV     DPL,?V6
   \   0001C4   85..83       MOV     DPH,?V7
   \   0001C7   E0           MOVX    A,@DPTR
   \   0001C8   2421         ADD     A,#0x21
   \   0001CA   FA           MOV     R2,A
   \   0001CB   A3           INC     DPTR
   \   0001CC   E0           MOVX    A,@DPTR
   \   0001CD   3400         ADDC    A,#0x0
   \   0001CF   FB           MOV     R3,A
   \   0001D0   12....       LCALL   ??osal_memcpy?relay  ; Banked call to: osal_memcpy
   \   0001D3   7403         MOV     A,#0x3
   \   0001D5   12....       LCALL   ?DEALLOC_XSTACK8
    219              pBeacon->pSdu = (uint8 *)(pBeacon->pPanDesc+1);
   \   0001D8   85..82       MOV     DPL,?V6
   \   0001DB   85..83       MOV     DPH,?V7
   \   0001DE   E0           MOVX    A,@DPTR
   \   0001DF   2421         ADD     A,#0x21
   \   0001E1   F8           MOV     R0,A
   \   0001E2   A3           INC     DPTR
   \   0001E3   E0           MOVX    A,@DPTR
   \   0001E4   3400         ADDC    A,#0x0
   \   0001E6   F9           MOV     R1,A
   \   0001E7   85..82       MOV     DPL,?V4
   \   0001EA   85..83       MOV     DPH,?V5
   \   0001ED   E8           MOV     A,R0
   \   0001EE   F0           MOVX    @DPTR,A
   \   0001EF   A3           INC     DPTR
   \   0001F0   E9           MOV     A,R1
   \   0001F1   F0           MOVX    @DPTR,A
   \   0001F2   02....       LJMP    ??MAC_CbackEvent_5 & 0xFFFF
    220            }
    221            else if (event == MAC_MLME_SCAN_CNF)
   \                     ??MAC_CbackEvent_13:
   \   0001F5   7407         MOV     A,#0x7
   \   0001F7   65..         XRL     A,?V3
   \   0001F9   6003         JZ      $+5
   \   0001FB   02....       LJMP    ??MAC_CbackEvent_5 & 0xFFFF
    222            {
    223              macMlmeScanCnf_t *pScan = (macMlmeScanCnf_t*)msgPtr;
    224          
    225              if (ZMac_ScanBuf != NULL)
   \   0001FE   90....       MOV     DPTR,#ZMac_ScanBuf
   \   000201   12....       LCALL   ?Subroutine12 & 0xFFFF
   \                     ??CrossCallReturnLabel_24:
   \   000204   7003         JNZ     $+5
   \   000206   02....       LJMP    ??MAC_CbackEvent_5 & 0xFFFF
    226              {
    227                void *pTmp = ZMac_ScanBuf;
   \   000209   90....       MOV     DPTR,#ZMac_ScanBuf
   \   00020C   E0           MOVX    A,@DPTR
   \   00020D   F5..         MOV     ?V6,A
   \   00020F   A3           INC     DPTR
   \   000210   E0           MOVX    A,@DPTR
   \   000211   F5..         MOV     ?V7,A
    228                ZMac_ScanBuf = NULL;
   \   000213   90....       MOV     DPTR,#ZMac_ScanBuf
   \   000216   E4           CLR     A
   \   000217   F0           MOVX    @DPTR,A
   \   000218   A3           INC     DPTR
   \   000219   F0           MOVX    @DPTR,A
    229          
    230                if (pScan->scanType == ZMAC_ED_SCAN)
   \   00021A   8E82         MOV     DPL,R6
   \   00021C   8F83         MOV     DPH,R7
   \   00021E   A3           INC     DPTR
   \   00021F   A3           INC     DPTR
   \   000220   E0           MOVX    A,@DPTR
   \   000221   7031         JNZ     ??MAC_CbackEvent_14
    231                {
    232                  pScan->result.pEnergyDetect = (uint8*) (pScan + 1);
   \   000223   12....       LCALL   ?Subroutine10 & 0xFFFF
   \                     ??CrossCallReturnLabel_20:
   \   000226   EE           MOV     A,R6
   \   000227   240B         ADD     A,#0xb
   \   000229   F8           MOV     R0,A
   \   00022A   E4           CLR     A
   \   00022B   3F           ADDC    A,R7
   \   00022C   F9           MOV     R1,A
   \   00022D   85..82       MOV     DPL,?V4
   \   000230   85..83       MOV     DPH,?V5
   \   000233   E8           MOV     A,R0
   \   000234   F0           MOVX    @DPTR,A
   \   000235   A3           INC     DPTR
   \   000236   E9           MOV     A,R1
   \   000237   F0           MOVX    @DPTR,A
    233                  osal_memcpy(pScan->result.pEnergyDetect, pTmp, ZMAC_ED_SCAN_MAXCHANNELS);
   \   000238                ; Setup parameters for call to function osal_memcpy
   \   000238   85....       MOV     ?V0,?V6
   \   00023B   85....       MOV     ?V1,?V7
   \   00023E   78..         MOV     R0,#?V0
   \   000240   12....       LCALL   ?PUSH_XSTACK_I_THREE
   \   000243   7C1B         MOV     R4,#0x1b
   \   000245   7D00         MOV     R5,#0x0
   \   000247   85..82       MOV     DPL,?V4
   \   00024A   85..83       MOV     DPH,?V5
   \   00024D   E0           MOVX    A,@DPTR
   \   00024E   FA           MOV     R2,A
   \   00024F   A3           INC     DPTR
   \   000250   E0           MOVX    A,@DPTR
   \   000251   FB           MOV     R3,A
   \   000252   8038         SJMP    ??MAC_CbackEvent_15
    234                }
    235                else
    236                {
    237                  pScan->result.pPanDescriptor = (macPanDesc_t*) (pScan + 1);
   \                     ??MAC_CbackEvent_14:
   \   000254   12....       LCALL   ?Subroutine9 & 0xFFFF
   \                     ??CrossCallReturnLabel_18:
   \   000257   8E82         MOV     DPL,R6
   \   000259   8F83         MOV     DPH,R7
   \   00025B   A3           INC     DPTR
   \   00025C   A3           INC     DPTR
   \   00025D   A3           INC     DPTR
   \   00025E   A3           INC     DPTR
   \   00025F   A3           INC     DPTR
   \   000260   A3           INC     DPTR
   \   000261   A3           INC     DPTR
   \   000262   A3           INC     DPTR
   \   000263   A3           INC     DPTR
   \   000264   E5..         MOV     A,?V4
   \   000266   F0           MOVX    @DPTR,A
   \   000267   A3           INC     DPTR
   \   000268   E5..         MOV     A,?V5
   \   00026A   F0           MOVX    @DPTR,A
    238                  osal_memcpy(pScan + 1, pTmp, sizeof( ZMacPanDesc_t ) * pScan->resultListSize);
   \   00026B                ; Setup parameters for call to function osal_memcpy
   \   00026B   88..         MOV     ?V0,R0
   \   00026D   89..         MOV     ?V1,R1
   \   00026F   78..         MOV     R0,#?V0
   \   000271   12....       LCALL   ?PUSH_XSTACK_I_THREE
   \   000274   8E82         MOV     DPL,R6
   \   000276   8F83         MOV     DPH,R7
   \   000278   A3           INC     DPTR
   \   000279   A3           INC     DPTR
   \   00027A   A3           INC     DPTR
   \   00027B   A3           INC     DPTR
   \   00027C   A3           INC     DPTR
   \   00027D   A3           INC     DPTR
   \   00027E   A3           INC     DPTR
   \   00027F   A3           INC     DPTR
   \   000280   E0           MOVX    A,@DPTR
   \   000281   75F021       MOV     B,#0x21
   \   000284   A4           MUL     AB
   \   000285   FC           MOV     R4,A
   \   000286   ADF0         MOV     R5,B
   \   000288   AA..         MOV     R2,?V4
   \   00028A   AB..         MOV     R3,?V5
   \                     ??MAC_CbackEvent_15:
   \   00028C   12....       LCALL   ??osal_memcpy?relay  ; Banked call to: osal_memcpy
   \   00028F   7403         MOV     A,#0x3
   \   000291   12....       LCALL   ?DEALLOC_XSTACK8
    239                }
    240          
    241                osal_mem_free(pTmp);
   \   000294                ; Setup parameters for call to function osal_mem_free
   \   000294   AA..         MOV     R2,?V6
   \   000296   AB..         MOV     R3,?V7
   \   000298   12....       LCALL   ??osal_mem_free?relay; Banked call to: osal_mem_free
    242              }
    243            }
    244          
    245            if ( ( pZMac_AppCallback == NULL ) || ( pZMac_AppCallback( (uint8 *)msgPtr ) == FALSE ) )
   \                     ??MAC_CbackEvent_5:
   \   00029B   90....       MOV     DPTR,#pZMac_AppCallback
   \   00029E   12....       LCALL   ?Subroutine12 & 0xFFFF
   \                     ??CrossCallReturnLabel_25:
   \   0002A1   6012         JZ      ??MAC_CbackEvent_16
   \   0002A3                ; Setup parameters for indirect call
   \   0002A3   EE           MOV     A,R6
   \   0002A4   FA           MOV     R2,A
   \   0002A5   EF           MOV     A,R7
   \   0002A6   FB           MOV     R3,A
   \   0002A7   E0           MOVX    A,@DPTR
   \   0002A8   F583         MOV     DPH,A
   \   0002AA   8882         MOV     DPL,R0
   \   0002AC   12....       LCALL   ?CALL_IND
   \   0002AF   E9           MOV     A,R1
   \   0002B0   6003         JZ      $+5
   \   0002B2   02....       LJMP    ??MAC_CbackEvent_17 & 0xFFFF
    246            {
    247              // Filter out non-zigbee packets
    248              if ( event == MAC_MCPS_DATA_IND )
   \                     ??MAC_CbackEvent_16:
   \   0002B5   740D         MOV     A,#0xd
   \   0002B7   65..         XRL     A,?V3
   \   0002B9   6003         JZ      $+5
   \   0002BB   02....       LJMP    ??MAC_CbackEvent_18 & 0xFFFF
    249              {
    250                uint8 fcFrameType = (pData->dataInd.msdu.p[0] & 0x03);
    251                uint8 fcProtoVer = ((pData->dataInd.msdu.p[0] >> 2) & 0x0F);
    252                uint8 fcReserve = (pData->dataInd.msdu.p[1] & 0xE0);
   \   0002BE   12....       LCALL   ?Subroutine1 & 0xFFFF
   \                     ??CrossCallReturnLabel_0:
   \   0002C1   F9           MOV     R1,A
   \   0002C2   8882         MOV     DPL,R0
   \   0002C4   8983         MOV     DPH,R1
   \   0002C6   A3           INC     DPTR
   \   0002C7   E0           MOVX    A,@DPTR
   \   0002C8   54E0         ANL     A,#0xe0
   \   0002CA   FA           MOV     R2,A
    253                if ( (fcFrameType > 0x01) || (fcProtoVer != _NIB.nwkProtocolVersion) || (fcReserve != 0)
    254                    || (pData->dataInd.mac.srcAddr.addrMode != SADDR_MODE_SHORT) )
   \   0002CB   8882         MOV     DPL,R0
   \   0002CD   8983         MOV     DPH,R1
   \   0002CF   E0           MOVX    A,@DPTR
   \   0002D0   5403         ANL     A,#0x3
   \   0002D2   C3           CLR     C
   \   0002D3   9402         SUBB    A,#0x2
   \   0002D5   502A         JNC     ??MAC_CbackEvent_3
   \   0002D7   12....       LCALL   ?Subroutine1 & 0xFFFF
   \                     ??CrossCallReturnLabel_1:
   \   0002DA   F583         MOV     DPH,A
   \   0002DC   8882         MOV     DPL,R0
   \   0002DE   E0           MOVX    A,@DPTR
   \   0002DF   13           RRC     A
   \   0002E0   13           RRC     A
   \   0002E1   543F         ANL     A,#0x3f
   \   0002E3   540F         ANL     A,#0xf
   \   0002E5   F8           MOV     R0,A
   \   0002E6   90....       MOV     DPTR,#_NIB + 17
   \   0002E9   E0           MOVX    A,@DPTR
   \   0002EA   68           XRL     A,R0
   \   0002EB   7014         JNZ     ??MAC_CbackEvent_3
   \   0002ED   EA           MOV     A,R2
   \   0002EE   7011         JNZ     ??MAC_CbackEvent_3
   \   0002F0   12....       LCALL   ?Subroutine14 & 0xFFFF
   \                     ??CrossCallReturnLabel_32:
   \   0002F3   C8           XCH     A,R0
   \   0002F4   241A         ADD     A,#0x1a
   \   0002F6   F582         MOV     DPL,A
   \   0002F8   E4           CLR     A
   \   0002F9   38           ADDC    A,R0
   \   0002FA   F583         MOV     DPH,A
   \   0002FC   E0           MOVX    A,@DPTR
   \   0002FD   6402         XRL     A,#0x2
   \   0002FF   6007         JZ      ??MAC_CbackEvent_19
    255                {
    256                  // Drop the message
    257                  mac_msg_deallocate( (uint8 **)&pData );
   \                     ??MAC_CbackEvent_3:
   \   000301                ; Setup parameters for call to function mac_msg_deallocate
   \   000301   AA..         MOV     R2,?XSP + 0
   \   000303   AB..         MOV     R3,?XSP + 1
   \   000305   02....       LJMP    ??CrossCallReturnLabel_10 & 0xFFFF
    258                  return;
    259                }
    260                else
    261                {
    262                  macDataInd_t *pInd = &msgPtr->dataInd.mac;
   \                     ??MAC_CbackEvent_19:
   \   000308   EE           MOV     A,R6
   \   000309   2412         ADD     A,#0x12
   \   00030B   F8           MOV     R0,A
   \   00030C   E4           CLR     A
   \   00030D   3F           ADDC    A,R7
   \   00030E   F9           MOV     R1,A
    263                  // See if LQI needs adjustment due to frame correlation
    264                  ZMacLqiAdjust( pInd->correlation, &pInd->mpduLinkQuality );
   \   00030F                ; Setup parameters for call to function ZMacLqiAdjust
   \   00030F   E8           MOV     A,R0
   \   000310   241C         ADD     A,#0x1c
   \   000312   FA           MOV     R2,A
   \   000313   E4           CLR     A
   \   000314   39           ADDC    A,R1
   \   000315   FB           MOV     R3,A
   \   000316   E8           MOV     A,R0
   \   000317   241D         ADD     A,#0x1d
   \   000319   F582         MOV     DPL,A
   \   00031B   E4           CLR     A
   \   00031C   39           ADDC    A,R1
   \   00031D   F583         MOV     DPH,A
   \   00031F   E0           MOVX    A,@DPTR
   \   000320   F9           MOV     R1,A
   \   000321   12....       LCALL   ??ZMacLqiAdjust?relay; Banked call to: ZMacLqiAdjust
    265          
    266                  // Look for broadcast message that has a radius of greater 1
    267                  if ( (pData->dataInd.mac.dstAddr.addr.shortAddr == 0xFFFF)
    268                         && (pData->dataInd.msdu.p[6] > 1) )
   \   000324   12....       LCALL   ?Subroutine14 & 0xFFFF
   \                     ??CrossCallReturnLabel_33:
   \   000327   C8           XCH     A,R0
   \   000328   241B         ADD     A,#0x1b
   \   00032A   F582         MOV     DPL,A
   \   00032C   E4           CLR     A
   \   00032D   38           ADDC    A,R0
   \   00032E   F583         MOV     DPH,A
   \   000330   E0           MOVX    A,@DPTR
   \   000331   F4           CPL     A
   \   000332   7003         JNZ     ??MAC_CbackEvent_20
   \   000334   A3           INC     DPTR
   \   000335   E0           MOVX    A,@DPTR
   \   000336   F4           CPL     A
   \                     ??MAC_CbackEvent_20:
   \   000337   7061         JNZ     ??MAC_CbackEvent_21
   \   000339   12....       LCALL   ?Subroutine1 & 0xFFFF
   \                     ??CrossCallReturnLabel_2:
   \   00033C   C8           XCH     A,R0
   \   00033D   2406         ADD     A,#0x6
   \   00033F   F582         MOV     DPL,A
   \   000341   E4           CLR     A
   \   000342   38           ADDC    A,R0
   \   000343   F583         MOV     DPH,A
   \   000345   E0           MOVX    A,@DPTR
   \   000346   C3           CLR     C
   \   000347   9402         SUBB    A,#0x2
   \   000349   404F         JC      ??MAC_CbackEvent_21
    269                  {
    270                    // Send the messsage to a special broadcast queue
    271                    if ( nwk_broadcastSend( (uint8 *)msgPtr ) != SUCCESS )
   \   00034B                ; Setup parameters for call to function nwk_broadcastSend
   \   00034B   EE           MOV     A,R6
   \   00034C   FA           MOV     R2,A
   \   00034D   EF           MOV     A,R7
   \   00034E   FB           MOV     R3,A
   \   00034F   12....       LCALL   ??nwk_broadcastSend?relay; Banked call to: nwk_broadcastSend
   \   000352   E9           MOV     A,R1
   \   000353   6062         JZ      ??MAC_CbackEvent_0
    272                    {
    273                      // Drop the message, too many broadcast messages to process
    274                      mac_msg_deallocate( (uint8 **)&pData );
   \   000355                ; Setup parameters for call to function mac_msg_deallocate
   \   000355   AA..         MOV     R2,?XSP + 0
   \   000357   AB..         MOV     R3,?XSP + 1
   \   000359   12....       LCALL   ??mac_msg_deallocate?relay; Banked call to: mac_msg_deallocate
    275                    }
    276                    return;
   \                     ??MAC_CbackEvent_22:
   \   00035C   8059         SJMP    ??MAC_CbackEvent_0
    277                  }
    278                }
    279              }
    280              else if ((event == MAC_MCPS_DATA_CNF) && (pData->hdr.status != MAC_NO_RESOURCES))
   \                     ??MAC_CbackEvent_18:
   \   00035E   740C         MOV     A,#0xc
   \   000360   65..         XRL     A,?V3
   \   000362   7036         JNZ     ??MAC_CbackEvent_21
   \   000364   12....       LCALL   ?Subroutine7 & 0xFFFF
   \                     ??CrossCallReturnLabel_14:
   \   000367   A3           INC     DPTR
   \   000368   E0           MOVX    A,@DPTR
   \   000369   641A         XRL     A,#0x1a
   \   00036B   602D         JZ      ??MAC_CbackEvent_21
    281              {
    282                macMcpsDataCnf_t *pCnf = &msgPtr->dataCnf;
    283                
    284                if (pCnf->pDataReq->internal.txOptions & MAC_TXOPTION_ACK)
   \   00036D   8E82         MOV     DPL,R6
   \   00036F   8F83         MOV     DPH,R7
   \   000371   A3           INC     DPTR
   \   000372   A3           INC     DPTR
   \   000373   A3           INC     DPTR
   \   000374   12....       LCALL   ??Subroutine15_0 & 0xFFFF
   \                     ??CrossCallReturnLabel_29:
   \   000377   C8           XCH     A,R0
   \   000378   240E         ADD     A,#0xe
   \   00037A   F582         MOV     DPL,A
   \   00037C   E4           CLR     A
   \   00037D   38           ADDC    A,R0
   \   00037E   F583         MOV     DPH,A
   \   000380   E0           MOVX    A,@DPTR
   \   000381   A2E0         MOV     C,0xE0 /* A   */.0
   \   000383   5015         JNC     ??MAC_CbackEvent_21
    285                {
    286                  // See if LQI needs adjustment due to frame correlation
    287                  ZMacLqiAdjust( pCnf->correlation, &pCnf->mpduLinkQuality );
   \   000385                ; Setup parameters for call to function ZMacLqiAdjust
   \   000385   EE           MOV     A,R6
   \   000386   240C         ADD     A,#0xc
   \   000388   FA           MOV     R2,A
   \   000389   E4           CLR     A
   \   00038A   3F           ADDC    A,R7
   \   00038B   FB           MOV     R3,A
   \   00038C   EE           MOV     A,R6
   \   00038D   240D         ADD     A,#0xd
   \   00038F   F582         MOV     DPL,A
   \   000391   E4           CLR     A
   \   000392   3F           ADDC    A,R7
   \   000393   F583         MOV     DPH,A
   \   000395   E0           MOVX    A,@DPTR
   \   000396   F9           MOV     R1,A
   \   000397   12....       LCALL   ??ZMacLqiAdjust?relay; Banked call to: ZMacLqiAdjust
    288                }
    289              }
    290          
    291              // Application hasn't already processed this message. Send it to NWK task.
    292              osal_msg_send( NWK_TaskID, (uint8 *)msgPtr );
   \                     ??MAC_CbackEvent_21:
   \   00039A                ; Setup parameters for call to function osal_msg_send
   \   00039A   EE           MOV     A,R6
   \   00039B   FA           MOV     R2,A
   \   00039C   EF           MOV     A,R7
   \   00039D   FB           MOV     R3,A
   \   00039E   90....       MOV     DPTR,#NWK_TaskID
   \   0003A1   E0           MOVX    A,@DPTR
   \   0003A2   F9           MOV     R1,A
   \   0003A3   12....       LCALL   ??osal_msg_send?relay; Banked call to: osal_msg_send
    293            }
    294          
    295            if ((event == MAC_MCPS_DATA_CNF) && (pData->dataCnf.pDataReq != NULL))
   \                     ??MAC_CbackEvent_17:
   \   0003A6   740C         MOV     A,#0xc
   \   0003A8   65..         XRL     A,?V3
   \   0003AA   700B         JNZ     ??MAC_CbackEvent_0
   \   0003AC   12....       LCALL   ?Subroutine2 & 0xFFFF
   \                     ??CrossCallReturnLabel_4:
   \   0003AF   6006         JZ      ??MAC_CbackEvent_0
    296            {
    297              // If the application needs 'pDataReq' then we cannot free it here.
    298              // The application must free it after using it. Note that 'pDataReq'
    299              // is of macMcpsDataReq_t (and not ZMacDataReq_t) type.
    300          
    301              mac_msg_deallocate( (uint8**)&(pData->dataCnf.pDataReq) );
   \   0003B1                ; Setup parameters for call to function mac_msg_deallocate
   \   0003B1   12....       LCALL   ?Subroutine5 & 0xFFFF
    302            }
   \                     ??CrossCallReturnLabel_10:
   \   0003B4   12....       LCALL   ??mac_msg_deallocate?relay; Banked call to: mac_msg_deallocate
    303          #endif
    304          }
   \                     ??MAC_CbackEvent_0:
   \   0003B7   7405         MOV     A,#0x5
   \   0003B9   12....       LCALL   ?DEALLOC_XSTACK8
   \   0003BC   7F08         MOV     R7,#0x8
   \   0003BE   02....       LJMP    ?BANKED_LEAVE_XDATA
   \   0003C1                REQUIRE _A_IEN0

   \                                 In  segment BANKED_CODE, align 1, keep-with-next
   \                     ?Subroutine10:
   \   000000   EE           MOV     A,R6
   \   000001   2409         ADD     A,#0x9
   \   000003   F5..         MOV     ?V4,A
   \   000005   E4           CLR     A
   \   000006   3F           ADDC    A,R7
   \   000007   F5..         MOV     ?V5,A
   \   000009   22           RET

   \                                 In  segment BANKED_CODE, align 1, keep-with-next
   \                     ?Subroutine9:
   \   000000   EE           MOV     A,R6
   \   000001   240B         ADD     A,#0xb
   \   000003   F5..         MOV     ?V4,A
   \   000005   E4           CLR     A
   \   000006   3F           ADDC    A,R7
   \   000007   F5..         MOV     ?V5,A
   \   000009   22           RET

   \                                 In  segment BANKED_CODE, align 1, keep-with-next
   \                     ?Subroutine8:
   \   000000   74..         MOV     A,#zmacCBSizeTable & 0xff
   \   000002   25..         ADD     A,?V0
   \   000004   F582         MOV     DPL,A
   \   000006   E4           CLR     A
   \   000007   34..         ADDC    A,#(zmacCBSizeTable >> 8) & 0xff
   \   000009   F583         MOV     DPH,A
   \   00000B   E4           CLR     A
   \   00000C   93           MOVC    A,@A+DPTR
   \   00000D   22           RET

   \                                 In  segment BANKED_CODE, align 1, keep-with-next
   \                     ?Subroutine7:
   \   000000   12....       LCALL   ?Subroutine13 & 0xFFFF
   \                     ??CrossCallReturnLabel_27:
   \   000003   22           RET

   \                                 In  segment BANKED_CODE, align 1, keep-with-next
   \                     ?Subroutine13:
   \   000000   12....       LCALL   ?Subroutine14 & 0xFFFF
   \                     ??CrossCallReturnLabel_34:
   \   000003   F583         MOV     DPH,A
   \   000005   8882         MOV     DPL,R0
   \   000007   22           RET

   \                                 In  segment BANKED_CODE, align 1, keep-with-next
   \                     ?Subroutine6:
   \   000000   F583         MOV     DPH,A
   \   000002   E0           MOVX    A,@DPTR
   \   000003   F5..         MOV     ?V0,A
   \   000005   A3           INC     DPTR
   \   000006   E0           MOVX    A,@DPTR
   \   000007   F5..         MOV     ?V1,A
   \   000009   78..         MOV     R0,#?V0
   \   00000B   22           RET

   \                                 In  segment BANKED_CODE, align 1, keep-with-next
   \                     ?Subroutine5:
   \   000000   85..82       MOV     DPL,?XSP + 0
   \   000003   85..83       MOV     DPH,?XSP + 1
   \   000006   E0           MOVX    A,@DPTR
   \   000007   2403         ADD     A,#0x3
   \   000009   FA           MOV     R2,A
   \   00000A   A3           INC     DPTR
   \   00000B   E0           MOVX    A,@DPTR
   \   00000C   3400         ADDC    A,#0x0
   \   00000E   FB           MOV     R3,A
   \   00000F   22           RET

   \                                 In  segment BANKED_CODE, align 1, keep-with-next
   \                     ?Subroutine4:
   \   000000   12....       LCALL   ?Subroutine11 & 0xFFFF
   \                     ??CrossCallReturnLabel_23:
   \   000003   22           RET

   \                                 In  segment BANKED_CODE, align 1, keep-with-next
   \                     ?Subroutine11:
   \   000000   12....       LCALL   ?Subroutine13 & 0xFFFF
   \                     ??CrossCallReturnLabel_28:
   \   000003   A3           INC     DPTR
   \   000004   A3           INC     DPTR
   \   000005   22           RET

   \                                 In  segment BANKED_CODE, align 1, keep-with-next
   \                     ?Subroutine3:
   \   000000   A3           INC     DPTR
   \   000001   E0           MOVX    A,@DPTR
   \   000002   C8           XCH     A,R0
   \   000003   2408         ADD     A,#0x8
   \   000005   F582         MOV     DPL,A
   \   000007   E4           CLR     A
   \   000008   38           ADDC    A,R0
   \   000009   F583         MOV     DPH,A
   \   00000B   E0           MOVX    A,@DPTR
   \   00000C   22           RET

   \                                 In  segment BANKED_CODE, align 1, keep-with-next
   \                     ?Subroutine2:
   \   000000   12....       LCALL   ?Subroutine11 & 0xFFFF
   \                     ??CrossCallReturnLabel_22:
   \   000003   A3           INC     DPTR
   \   000004   12....       LCALL   ?Subroutine12 & 0xFFFF
   \                     ??CrossCallReturnLabel_26:
   \   000007   22           RET

   \                                 In  segment BANKED_CODE, align 1, keep-with-next
   \                     ?Subroutine12:
   \   000000   12....       LCALL   ??Subroutine15_0 & 0xFFFF
   \                     ??CrossCallReturnLabel_31:
   \   000003   F9           MOV     R1,A
   \   000004   E8           MOV     A,R0
   \   000005   49           ORL     A,R1
   \   000006   22           RET

   \                                 In  segment BANKED_CODE, align 1, keep-with-next
   \                     ?Subroutine1:
   \   000000   12....       LCALL   ?Subroutine11 & 0xFFFF
   \                     ??CrossCallReturnLabel_21:
   \   000003   12....       LCALL   ??Subroutine15_0 & 0xFFFF
   \                     ??CrossCallReturnLabel_30:
   \   000006   22           RET

   \                                 In  segment BANKED_CODE, align 1, keep-with-next
   \                     ?Subroutine14:
   \   000000   85..82       MOV     DPL,?XSP + 0
   \   000003   85..83       MOV     DPH,?XSP + 1
   \   000006                REQUIRE ??Subroutine15_0
   \   000006                ; // Fall through to label ??Subroutine15_0

   \                                 In  segment BANKED_CODE, align 1, keep-with-next
   \                     ??Subroutine15_0:
   \   000000   E0           MOVX    A,@DPTR
   \   000001   F8           MOV     R0,A
   \   000002   A3           INC     DPTR
   \   000003   E0           MOVX    A,@DPTR
   \   000004   22           RET
    305          #else  // ifdef MT_MAC_CB_FUNC
    306          {
    307            /* Check if MT has subscribed for this callback If so, pass it as an event to MonitorTest */
    308            switch (pData->hdr.event)
    309            {
    310              case MAC_MLME_ASSOCIATE_IND:
    311                if ( _macCallbackSub & CB_ID_NWK_ASSOCIATE_IND )
    312                  nwk_MTCallbackSubNwkAssociateInd ( (ZMacAssociateInd_t *)pData );
    313                break;
    314          
    315              case MAC_MLME_ASSOCIATE_CNF:
    316                if ( _macCallbackSub & CB_ID_NWK_ASSOCIATE_CNF )
    317                  nwk_MTCallbackSubNwkAssociateCnf ( (ZMacAssociateCnf_t *)pData );
    318                break;
    319          
    320              case MAC_MLME_DISASSOCIATE_IND:
    321                if ( _macCallbackSub & CB_ID_NWK_DISASSOCIATE_IND )
    322                  nwk_MTCallbackSubNwkDisassociateInd ( (ZMacDisassociateInd_t *)pData );
    323                break;
    324          
    325              case MAC_MLME_DISASSOCIATE_CNF:
    326                if ( _macCallbackSub & CB_ID_NWK_DISASSOCIATE_CNF )
    327                  nwk_MTCallbackSubNwkDisassociateCnf ( (ZMacDisassociateCnf_t *)pData );
    328                break;
    329          
    330              case MAC_MLME_BEACON_NOTIFY_IND:
    331                if ( _macCallbackSub & CB_ID_NWK_BEACON_NOTIFY_IND )
    332                  nwk_MTCallbackSubNwkBeaconNotifyInd( (ZMacBeaconNotifyInd_t *)pData );
    333                break;
    334          
    335              case MAC_MLME_ORPHAN_IND:
    336                if ( _macCallbackSub & CB_ID_NWK_ORPHAN_IND )
    337                  nwk_MTCallbackSubNwkOrphanInd( (ZMacOrphanInd_t *) pData );
    338                break;
    339          
    340              case MAC_MLME_SCAN_CNF:
    341                if ( _macCallbackSub & CB_ID_NWK_SCAN_CNF )
    342                {
    343                  pData->scanCnf.result.pEnergyDetect = ZMac_ScanBuf;
    344                  nwk_MTCallbackSubNwkScanCnf ( (ZMacScanCnf_t *) pData );
    345                }
    346          
    347                if (ZMac_ScanBuf != NULL)
    348                {
    349                  void *pTmp = ZMac_ScanBuf;
    350                  ZMac_ScanBuf = NULL;
    351                  osal_mem_free(pTmp);
    352                }
    353                break;
    354          
    355              case MAC_MLME_START_CNF:
    356                if ( _macCallbackSub & CB_ID_NWK_START_CNF )
    357                  nwk_MTCallbackSubNwkStartCnf ( pData->hdr.status );
    358                break;
    359          
    360              case MAC_MLME_SYNC_LOSS_IND:
    361                if ( _macCallbackSub & CB_ID_NWK_SYNC_LOSS_IND )
    362                 nwk_MTCallbackSubNwkSyncLossInd( (ZMacSyncLossInd_t *) pData );
    363                break;
    364          
    365              case MAC_MLME_POLL_CNF:
    366                if ( _macCallbackSub & CB_ID_NWK_POLL_CNF )
    367                   nwk_MTCallbackSubNwkPollCnf( pData->hdr.status );
    368                break;
    369          
    370              case MAC_MLME_COMM_STATUS_IND:
    371                if ( _macCallbackSub & CB_ID_NWK_COMM_STATUS_IND )
    372                  nwk_MTCallbackSubCommStatusInd ( (ZMacCommStatusInd_t *) pData );
    373                break;
    374          
    375              case MAC_MCPS_DATA_CNF:
    376                if (pData->dataCnf.pDataReq != NULL)
    377                  mac_msg_deallocate((uint8**)&pData->dataCnf.pDataReq);
    378          
    379                if ( _macCallbackSub & CB_ID_NWK_DATA_CNF )
    380                  nwk_MTCallbackSubNwkDataCnf( (ZMacDataCnf_t *) pData );
    381                break;
    382          
    383              case MAC_MCPS_DATA_IND:
    384                {
    385                  /*
    386                     Data Ind is unconventional: to save an alloc/copy, reuse the MAC
    387                     buffer and re-organize the contents into ZMAC format.
    388                  */
    389                  ZMacDataInd_t *pDataInd = (ZMacDataInd_t *) pData;
    390                  uint8 event, status, len, *msdu;
    391          
    392                  /* Store parameters */
    393                  event = pData->hdr.event;
    394                  status = pData->hdr.status;
    395                  len = pData->dataInd.msdu.len;
    396                  msdu = pData->dataInd.msdu.p;
    397          
    398                  /* Copy security fields */
    399                  osal_memcpy(&pDataInd->Sec, &pData->dataInd.sec, sizeof(ZMacSec_t));
    400                  
    401                  /* Copy mac fields one by one since the two buffers overlap. */
    402                  osal_memcpy(&pDataInd->SrcAddr, &pData->dataInd.mac.srcAddr, sizeof(zAddrType_t));
    403                  osal_memcpy(&pDataInd->DstAddr, &pData->dataInd.mac.dstAddr, sizeof(zAddrType_t));
    404                  pDataInd->Timestamp = pData->dataInd.mac.timestamp;
    405                  pDataInd->Timestamp2 = pData->dataInd.mac.timestamp2;
    406                  pDataInd->SrcPANId = pData->dataInd.mac.srcPanId;
    407                  pDataInd->DstPANId = pData->dataInd.mac.dstPanId;
    408                  pDataInd->mpduLinkQuality = pData->dataInd.mac.mpduLinkQuality;
    409                  pDataInd->Correlation = pData->dataInd.mac.correlation;
    410                  pDataInd->Rssi = pData->dataInd.mac.rssi;
    411                  pDataInd->Dsn = pData->dataInd.mac.dsn;
    412          
    413                  /* Restore parameters */
    414                  pDataInd->hdr.Status = status;
    415                  pDataInd->hdr.Event = event;
    416                  pDataInd->msduLength = len;
    417          
    418                  if (len)
    419                    pDataInd->msdu = msdu;
    420                  else
    421                    pDataInd->msdu = NULL;
    422          
    423                  if ( _macCallbackSub & CB_ID_NWK_DATA_IND )
    424                    nwk_MTCallbackSubNwkDataInd ( pDataInd );
    425                }
    426          
    427                /* free buffer */
    428                mac_msg_deallocate( (uint8 **)&pData );
    429                break;
    430          
    431              case MAC_MCPS_PURGE_CNF:
    432                if ( _macCallbackSub & CB_ID_NWK_PURGE_CNF )
    433                  nwk_MTCallbackSubNwkPurgeCnf( (ZMacPurgeCnf_t *) pData);
    434                break;
    435          
    436              default:
    437                break;
    438            }
    439          }
    440          #endif
    441          
    442          /********************************************************************************************************
    443           * @fn      MAC_CbackCheckPending
    444           *
    445           * @brief   Return number of pending indirect msg
    446           *
    447           * @param   None
    448           *
    449           * @return  Number of indirect msg holding
    450           ********************************************************************************************************/

   \                                 In  segment BANKED_CODE, align 1, keep-with-next
    451          uint8 MAC_CbackCheckPending(void)
   \                     MAC_CbackCheckPending:
    452          {
   \   000000   C082         PUSH    DPL
   \   000002   C083         PUSH    DPH
   \   000004                ; Saved register size: 2
   \   000004                ; Auto size: 0
    453          #if !defined (NONWK)
    454            if ( ZSTACK_ROUTER_BUILD )
    455            {
    456              return (nwkDB_ReturnIndirectHoldingCnt());
   \   000004                ; Setup parameters for call to function nwkDB_ReturnIndirectHoldingCnt
   \   000004   12....       LCALL   ??nwkDB_ReturnIndirectHoldingCnt?relay; Banked call to: nwkDB_ReturnIndirectHoldingCnt
   \   000007                REQUIRE ?Subroutine0
   \   000007                ; // Fall through to label ?Subroutine0
    457            }
    458            else
    459            {
    460              return (0);
    461            }
    462          #else
    463            return (0);
    464          #endif
    465          }

   \                                 In  segment BANKED_CODE, align 1, keep-with-next
   \                     ?Subroutine0:
   \   000000   D083         POP     DPH
   \   000002   D082         POP     DPL
   \   000004   02....       LJMP    ?BRET
    466          
    467          /********************************************************************************************************
    468           * @fn      ZMacLqiAdjustMode
    469           *
    470           * @brief   Sets/return LQI adjust mode
    471           *
    472           * @param   mode - LQI_ADJ_GET = return current mode only
    473           *                 LQI_ADJ_OFF = disable LQI adjusts
    474           *                 LQI_ADJ_MODEx = set to LQI adjust MODEx
    475           *
    476           * @return  current LQI adjust mode
    477           ********************************************************************************************************/

   \                                 In  segment BANKED_CODE, align 1, keep-with-next
    478          ZMacLqiAdjust_t ZMacLqiAdjustMode( ZMacLqiAdjust_t mode )
   \                     ZMacLqiAdjustMode:
    479          {
   \   000000   C082         PUSH    DPL
   \   000002   C083         PUSH    DPH
   \   000004                ; Saved register size: 2
   \   000004                ; Auto size: 0
   \   000004   E9           MOV     A,R1
   \   000005   F8           MOV     R0,A
    480            if ( mode != LQI_ADJ_GET )
   \   000006   74FF         MOV     A,#-0x1
   \   000008   68           XRL     A,R0
   \   000009   6005         JZ      ??ZMacLqiAdjustMode_0
    481            {
    482              lqiAdjMode = mode;
   \   00000B   E8           MOV     A,R0
   \   00000C   90....       MOV     DPTR,#lqiAdjMode
   \   00000F   F0           MOVX    @DPTR,A
    483            }
    484            return ( lqiAdjMode );
   \                     ??ZMacLqiAdjustMode_0:
   \   000010   90....       MOV     DPTR,#lqiAdjMode
   \   000013   E0           MOVX    A,@DPTR
   \   000014   F9           MOV     R1,A
   \   000015   80..         SJMP    ?Subroutine0
    485          }
    486          
    487          #if !defined NONWK
    488          /********************************************************************************************************
    489           * @fn      ZMacLqiAdjust
    490           *
    491           * @brief   Adjust LQI according to correlation value
    492           *
    493           * @notes - the IEEE 802.15.4 specification provides some general statements on
    494           *          the subject of LQI. Section 6.7.8: "The minimum and maximum LQI values
    495           *          (0x00 and 0xFF) should be associated with the lowest and highest IEEE
    496           *          802.15.4 signals detectable by the receiver, and LQ values should be
    497           *          uniformly distributed between these two limits." Section E.2.3: "The
    498           *          LQI (see 6.7.8) measures the received energy and/or SNR for each
    499           *          received packet. When energy level and SNR information are combined,
    500           *          they can indicate whether a corrupt packet resulted from low signal
    501           *          strength or from high signal strength plus interference."
    502           *        - LQI Adjustment Mode1 provided below is a simple algorithm to use the
    503           *          packet correlation value (related to SNR) to scale incoming LQI value
    504           *          (related to signal strength) to 'derate' noisy packets.
    505           *        - LQI Adjustment Mode2 provided below is a location for a developer to
    506           *          implement their own proprietary LQI adjustment algorithm.
    507           *
    508           * @param   corr - packet correlation value
    509           * @param   lqi  - ptr to link quality (scaled rssi)
    510           *
    511           * @return  *lqi - adjusted link quality
    512           ********************************************************************************************************/

   \                                 In  segment BANKED_CODE, align 1, keep-with-next
    513          static void ZMacLqiAdjust( uint8 corr, uint8 *lqi )
   \                     ZMacLqiAdjust:
    514          {
   \   000000                REQUIRE ?V0
   \   000000                REQUIRE ?V1
   \   000000   74F6         MOV     A,#-0xa
   \   000002   12....       LCALL   ?BANKED_ENTER_XDATA
   \   000005                ; Saved register size: 10
   \   000005                ; Auto size: 0
   \   000005   E9           MOV     A,R1
   \   000006   FE           MOV     R6,A
   \   000007   EA           MOV     A,R2
   \   000008   FC           MOV     R4,A
   \   000009   EB           MOV     A,R3
   \   00000A   FD           MOV     R5,A
    515            if ( lqiAdjMode != LQI_ADJ_OFF )
   \   00000B   90....       MOV     DPTR,#lqiAdjMode
   \   00000E   E0           MOVX    A,@DPTR
   \   00000F   6054         JZ      ??ZMacLqiAdjust_0
    516            {
    517              uint16 adjLqi = *lqi;
   \   000011   8C82         MOV     DPL,R4
   \   000013   8D83         MOV     DPH,R5
   \   000015   E0           MOVX    A,@DPTR
   \   000016   F8           MOV     R0,A
   \   000017   7900         MOV     R1,#0x0
    518          
    519              // Keep correlation within theoretical limits
    520              if ( corr < LQI_CORR_MIN )
   \   000019   EE           MOV     A,R6
   \   00001A   C3           CLR     C
   \   00001B   9432         SUBB    A,#0x32
   \   00001D   5004         JNC     ??ZMacLqiAdjust_1
    521              {
    522                 corr = LQI_CORR_MIN;
   \   00001F   7E32         MOV     R6,#0x32
   \   000021   8008         SJMP    ??ZMacLqiAdjust_2
    523              }
    524              else if ( corr > LQI_CORR_MAX )
   \                     ??ZMacLqiAdjust_1:
   \   000023   EE           MOV     A,R6
   \   000024   C3           CLR     C
   \   000025   946F         SUBB    A,#0x6f
   \   000027   4002         JC      ??ZMacLqiAdjust_2
    525              {
    526                 corr = LQI_CORR_MAX;
   \   000029   7E6E         MOV     R6,#0x6e
    527              }
    528          
    529              if ( lqiAdjMode == LQI_ADJ_MODE1 )
   \                     ??ZMacLqiAdjust_2:
   \   00002B   90....       MOV     DPTR,#lqiAdjMode
   \   00002E   E0           MOVX    A,@DPTR
   \   00002F   6401         XRL     A,#0x1
   \   000031   7022         JNZ     ??ZMacLqiAdjust_3
    530              {
    531                /* MODE1 - linear scaling of incoming LQI with a "correlation percentage"
    532                           which is computed from the incoming correlation value between
    533                           theorectical minimum/maximum values. This is a very simple way
    534                           of 'derating' the incoming LQI as correlation value drops. */
    535                adjLqi = (adjLqi * (corr - LQI_CORR_MIN)) / (LQI_CORR_MAX - LQI_CORR_MIN);
   \   000033   8E..         MOV     ?V0,R6
   \   000035   E5..         MOV     A,?V0
   \   000037   24CE         ADD     A,#-0x32
   \   000039   F5..         MOV     ?V0,A
   \   00003B   E4           CLR     A
   \   00003C   34FF         ADDC    A,#-0x1
   \   00003E   F5..         MOV     ?V1,A
   \   000040   E8           MOV     A,R0
   \   000041   85..F0       MOV     B,?V0
   \   000044   A4           MUL     AB
   \   000045   C8           XCH     A,R0
   \   000046   AAF0         MOV     R2,B
   \   000048   85..F0       MOV     B,?V1
   \   00004B   A4           MUL     AB
   \   00004C   2A           ADD     A,R2
   \   00004D   F9           MOV     R1,A
   \   00004E   7A3C         MOV     R2,#0x3c
   \   000050   7B00         MOV     R3,#0x0
   \   000052   12....       LCALL   ?US_DIV_MOD
    536              }
    537              else if ( lqiAdjMode == LQI_ADJ_MODE2 )
    538              {
    539                /* MODE2 - location for developer to implement a proprietary algorithm */
    540              }
    541          
    542              // Replace incoming LQI with scaled value
    543              *lqi = (adjLqi > 255) ? 255 : (uint8)adjLqi;
   \                     ??ZMacLqiAdjust_3:
   \   000055   C3           CLR     C
   \   000056   E9           MOV     A,R1
   \   000057   9401         SUBB    A,#0x1
   \   000059   4004         JC      ??ZMacLqiAdjust_4
   \   00005B   74FF         MOV     A,#-0x1
   \   00005D   8001         SJMP    ??ZMacLqiAdjust_5
   \                     ??ZMacLqiAdjust_4:
   \   00005F   E8           MOV     A,R0
   \                     ??ZMacLqiAdjust_5:
   \   000060   8C82         MOV     DPL,R4
   \   000062   8D83         MOV     DPH,R5
   \   000064   F0           MOVX    @DPTR,A
    544            }
    545          }
   \                     ??ZMacLqiAdjust_0:
   \   000065   7F02         MOV     R7,#0x2
   \   000067   02....       LJMP    ?BANKED_LEAVE_XDATA

   \                                 In  segment BANK_RELAYS, align 1
   \                     ??MAC_CbackEvent?relay:
   \   000000   12....       LCALL   ?BDISPATCH
   \   000003   ......       DC24    MAC_CbackEvent

   \                                 In  segment BANK_RELAYS, align 1
   \                     ??MAC_CbackCheckPending?relay:
   \   000000   12....       LCALL   ?BDISPATCH
   \   000003   ......       DC24    MAC_CbackCheckPending

   \                                 In  segment BANK_RELAYS, align 1
   \                     ??ZMacLqiAdjustMode?relay:
   \   000000   12....       LCALL   ?BDISPATCH
   \   000003   ......       DC24    ZMacLqiAdjustMode

   \                                 In  segment BANK_RELAYS, align 1
   \                     ??ZMacLqiAdjust?relay:
   \   000000   12....       LCALL   ?BDISPATCH
   \   000003   ......       DC24    ZMacLqiAdjust
    546          #endif

   Maximum stack usage in bytes:

   ISTACK XSTACK Function
   ------ ------ --------
      2      0   MAC_CbackCheckPending
        2      0   -> nwkDB_ReturnIndirectHoldingCnt
      1     24   MAC_CbackEvent
        0     21   -> MAC_MlmeGetReq
        0     21   -> ZMacLqiAdjust
        0     21   -> mac_msg_deallocate
        0     21   -> nwk_broadcastSend
        0     21   -> osal_mem_free
        0     24   -> osal_memcpy
        0     21   -> osal_msg_allocate
        0     21   -> osal_msg_send
      1     31   ZMacLqiAdjust
      2      0   ZMacLqiAdjustMode


   Segment part sizes:

   Bytes  Function/Label
   -----  --------------
       6  ??MAC_CbackCheckPending?relay
       6  ??MAC_CbackEvent?relay
       5  ??Subroutine15_0
       6  ??ZMacLqiAdjust?relay
       6  ??ZMacLqiAdjustMode?relay
       7  ?Subroutine0
       7  ?Subroutine1
      10  ?Subroutine10
       6  ?Subroutine11
       7  ?Subroutine12
       8  ?Subroutine13
       6  ?Subroutine14
       8  ?Subroutine2
      13  ?Subroutine3
       4  ?Subroutine4
      16  ?Subroutine5
      12  ?Subroutine6
       4  ?Subroutine7
      14  ?Subroutine8
      10  ?Subroutine9
       7  MAC_CbackCheckPending
     961  MAC_CbackEvent
     106  ZMacLqiAdjust
      23  ZMacLqiAdjustMode
       1  _A_IEN0
       1  lqiAdjMode
       2  pZMac_AppCallback
      17  zmacCBSizeTable

 
 1 234 bytes in segment BANKED_CODE
    24 bytes in segment BANK_RELAYS
    17 bytes in segment CODE_C
     1 byte  in segment SFR_AN
     3 bytes in segment XDATA_Z
 
 1 275 bytes of CODE  memory
     0 bytes of DATA  memory (+ 1 byte shared)
     3 bytes of XDATA memory

Errors: none
Warnings: none
